[19:59:29] [main/INFO]: Loading Minecraft 1.19.2 with Fabric Loader 0.14.11
[19:59:29] [main/INFO]: Loading 84 mods:
	- additionalstructures 4.1.0
	- bettercombat 1.5.4+1.19
	- blue_endless_jankson 1.2.1 via owo
	- byg 2.0.0.13
	- cardinal-components-base 5.0.2 via puzzleslib
	- cardinal-components-block 5.0.2 via puzzleslib
	- cardinal-components-chunk 5.0.2 via puzzleslib
	- cardinal-components-entity 5.0.2 via puzzleslib
	- cardinal-components-item 5.0.1 via polymorph
	- cardinal-components-world 5.0.2 via puzzleslib
	- chunkpregen 0.3.3
	- cloth-basic-math 0.6.1 via cloth-config
	- cloth-config 8.2.88
	- clumps 9.0.0+14
	- com_electronwill_night-config_core 3.6.6 via byg
	- com_electronwill_night-config_toml 3.6.6 via byg
	- connectivity 1.19.2-3.7
	- crawl 0.11.1
	- elytraslot 6.0.0+1.19.2
	- fabric-api 0.69.0+1.19.2
	- fabric-api-base 0.4.13+0d0f210290 via fabric-api
	- fabric-api-lookup-api-v1 1.6.12+93d8cb8290 via fabric-api
	- fabric-biome-api-v1 9.0.20+0d0f210290 via fabric-api
	- fabric-block-api-v1 1.0.1+12bfe4ea90 via fabric-api
	- fabric-command-api-v1 1.2.13+f71b366f90 via fabric-api
	- fabric-command-api-v2 2.1.9+93d8cb8290 via fabric-api
	- fabric-commands-v0 0.2.30+df3654b390 via fabric-api
	- fabric-containers-v0 0.1.38+df3654b390 via fabric-api
	- fabric-content-registries-v0 3.4.4+6064db2a90 via fabric-api
	- fabric-convention-tags-v1 1.2.0+27265b3490 via fabric-api
	- fabric-crash-report-info-v1 0.2.7+aeb40ebe90 via fabric-api
	- fabric-data-generation-api-v1 5.3.3+ad31814d90 via fabric-api
	- fabric-dimensions-v1 2.1.33+0d0f210290 via fabric-api
	- fabric-entity-events-v1 1.5.2+9244241690 via fabric-api
	- fabric-events-interaction-v0 0.4.31+6eb9a2a190 via fabric-api
	- fabric-events-lifecycle-v0 0.2.31+df3654b390 via fabric-api
	- fabric-game-rule-api-v1 1.0.23+c6af733c90 via fabric-api
	- fabric-item-api-v1 1.6.1+fa140d5990 via fabric-api
	- fabric-item-groups-v0 0.3.36+9244241690 via fabric-api
	- fabric-lifecycle-events-v1 2.2.2+9244241690 via fabric-api
	- fabric-loot-api-v2 1.1.10+83a8659290 via fabric-api
	- fabric-loot-tables-v1 1.1.13+9e7660c690 via fabric-api
	- fabric-message-api-v1 5.0.5+93d8cb8290 via fabric-api
	- fabric-mining-level-api-v1 2.1.21+33fbc73890 via fabric-api
	- fabric-networking-api-v1 1.2.8+3b1d070f90 via fabric-api
	- fabric-networking-v0 0.3.25+df3654b390 via fabric-api
	- fabric-object-builder-api-v1 4.1.3+06e0e25190 via fabric-api
	- fabric-particles-v1 1.0.12+79adfe0a90 via fabric-api
	- fabric-registry-sync-v0 0.9.29+9244241690 via fabric-api
	- fabric-rendering-data-attachment-v1 0.3.17+0d0f210290 via fabric-api
	- fabric-rendering-fluids-v1 3.0.9+c6af733c90 via fabric-api
	- fabric-resource-conditions-api-v1 2.1.1+aae9039d90 via fabric-api
	- fabric-resource-loader-v0 0.8.2+574a764890 via fabric-api
	- fabric-screen-handler-api-v1 1.3.4+1cc24b1b90 via fabric-api
	- fabric-transfer-api-v1 2.1.3+9d081d6490 via fabric-api
	- fabric-transitive-access-wideners-v1 1.3.2+42d99c3290 via fabric-api
	- fabricloader 0.14.11
	- fallingtree 3.10.0
	- ferritecore 5.0.3
	- forgeconfigapiport 4.2.9
	- fwaystones 3.0.5+mc1.19.2
	- immersive_paintings 0.4.4+1.19.2
	- inmis 2.7.1-1.19
	- inmisaddon 1.0.3
	- java 17
	- leavesbegone 4.0.0
	- lithium 0.10.4
	- memoryleakfix 1.19.1-0.7.0
	- minecraft 1.19.2
	- mm 2.3 via crawl
	- naturescompass 1.19.2-2.1.0-fabric
	- nochatreports 1.19.2-v1.13.12
	- omega-config 1.2.3-1.18.1 via inmis
	- owo 0.8.2+1.19
	- player-animator 0.4.0
	- polymorph 0.46.1+1.19.2
	- puzzleslib 4.3.12
	- seasons 1.4-BETA+1.19
	- spectrelib 0.11.0+1.19 via polymorph
	- starlight 1.1.1+fabric.ae22326
	- terrablender 2.0.1.130
	- trinkets 3.4.1
	- voicechat 1.19.2-2.3.23
	- yigd 1.4.6
[19:59:32] [main/INFO]: SpongePowered MIXIN Subsystem Version=0.8.5 Source=file:/C:/minecraft-modded-server/libraries/net/fabricmc/sponge-mixin/0.11.4+mixin.0.8.5/sponge-mixin-0.11.4+mixin.0.8.5.jar Service=Knot/Fabric Env=SERVER
[19:59:32] [main/INFO]: Compatibility level set to JAVA_17
[19:59:32] [main/WARN]: Reference map 'fabric-chunkpregen-refmap.json' for chunkpregen.mixins.json could not be read. If this is a development environment you can ignore this message
[19:59:32] [main/WARN]: Reference map 'immersive_paintings-common-refmap.json' for immersive_paintings.mixin.json could not be read. If this is a development environment you can ignore this message
[19:59:32] [main/INFO]: Loaded configuration file for Lithium: 106 options available, 1 override(s) found
[19:59:32] [main/WARN]: Error loading class: net/minecraft/class_1007 (java.lang.ClassNotFoundException: net/minecraft/class_1007)
[19:59:32] [main/WARN]: @Mixin target net.minecraft.class_1007 was not found inmis.mixins.json:client.PlayerEntityFeatureMixin from mod inmis
[19:59:32] [main/WARN]: Force-disabling mixin 'alloc.blockstate.StateMixin' as rule 'mixin.alloc.blockstate' (added by mods [ferritecore]) disables it and children
[19:59:33] [main/WARN]: Error loading class: fr/catcore/server/translations/api/resource/language/SystemDelegatedLanguage (java.lang.ClassNotFoundException: fr/catcore/server/translations/api/resource/language/SystemDelegatedLanguage)
[19:59:33] [main/WARN]: Error loading class: draylar/magna/api/MagnaTool (java.lang.ClassNotFoundException: draylar/magna/api/MagnaTool)
[19:59:33] [main/WARN]: Error loading class: io/github/apace100/apoli/power/KeepInventoryPower (java.lang.ClassNotFoundException: io/github/apace100/apoli/power/KeepInventoryPower)
[19:59:33] [main/WARN]: Error loading class: twilightforest/util/EntityUtil (java.lang.ClassNotFoundException: twilightforest/util/EntityUtil)
[19:59:36] [main/INFO]: Mixing server.MixinPlayer from nochatreports.mixins.json into net.minecraft.class_1657
[19:59:39] [main/INFO]: Building unoptimized datafixer
[19:59:41] [main/INFO]: Mixing server.MixinServerGamePacketListenerImpl from nochatreports.mixins.json into net.minecraft.class_3244
[19:59:41] [main/INFO]: BYG registries bootstrapped
[19:59:42] [main/ERROR]: No data fixer registered for byg:boat
[19:59:42] [main/ERROR]: No data fixer registered for byg:chest_boat
[19:59:43] [main/INFO]: Initializing BYG network...
[19:59:43] [main/INFO]: Initialized BYG network!
[19:59:43] [main/INFO]: Oh The Biomes You'll Go (BYG) was initialized from "Fabric Mod Initializer"
[19:59:43] [main/INFO]: Connectivity initialized
[19:59:43] [main/INFO]: Is initializing.
[19:59:43] [main/INFO]: Has successfully been initialized.
[19:59:43] [main/ERROR]: No data fixer registered for immersive_paintings:painting
[19:59:43] [main/ERROR]: No data fixer registered for immersive_paintings:glow_painting
[19:59:43] [main/INFO]: Constructing common components for mod leavesbegone
[19:59:43] [main/INFO]: Definitely not up to no good
[19:59:43] [main/INFO]: KONNICHIWA ZA WARUDO!
[19:59:43] [main/INFO]: Default JVM text encoding is: windows-1252
[19:59:43] [main/INFO]: Reading config file NoChatReports/NCR-Common.json...
[19:59:43] [main/INFO]: Writing config file NoChatReports/NCR-Common.json...
[19:59:43] [main/INFO]: Constructing common components for mod puzzleslib
[19:59:43] [main/INFO]: Trying to read config file...
[19:59:43] [main/INFO]: A config file was found, loading it..
[19:59:43] [main/INFO]: Successfully loaded config file.
[19:59:43] [main/INFO]: ".\config\byg\overworld\byg-overworld-biomes.json5" was read.
[19:59:43] [main/INFO]: Registered region minecraft:overworld to index 0 for type OVERWORLD
[19:59:43] [main/INFO]: Registered region minecraft:nether to index 0 for type NETHER
[19:59:43] [main/INFO]: Registered region byg:region_0 to index 1 for type OVERWORLD
[19:59:43] [main/INFO]: Registered region byg:region_1 to index 2 for type OVERWORLD
[19:59:43] [main/INFO]: Registered region byg:region_2 to index 3 for type OVERWORLD
[19:59:43] [main/INFO]: Registered region byg:region_3 to index 4 for type OVERWORLD
[19:59:44] [main/INFO]: Compatibility version 15
[19:59:44] [main/INFO]: Loading plugins
[19:59:44] [main/INFO]: Loaded 0 plugin(s)
[19:59:44] [main/INFO]: Initializing plugins
[19:59:44] [main/INFO]: Initialized 0 plugin(s)
[19:59:44] [main/INFO]: Environment: authHost='https://authserver.mojang.com', accountsHost='https://api.mojang.com', sessionHost='https://sessionserver.mojang.com', servicesHost='https://api.minecraftservices.com', name='PROD'
[19:59:45] [main/INFO]: ".\config\byg\end-biomes.json5" was read.
[19:59:45] [main/INFO]: ".\config\byg\nether-biomes.json5" was read.
[19:59:46] [main/INFO]: Loaded 7 recipes
[19:59:46] [main/INFO]: ".\config\byg\settings.json5" was read.
[19:59:46] [main/INFO]: Loaded 1620 advancements
[19:59:46] [main/INFO]: Reloading graveyard
[19:59:46] [main/INFO]: Reloading custom grave areas
[19:59:46] [main/INFO]: Reloading grave shape (server side)
[19:59:47] [main/WARN]: Failed to parse level-type betterx, defaulting to minecraft:normal
[19:59:47] [main/INFO]: Mixing server.MixinDedicatedServer from nochatreports.mixins.json into net.minecraft.class_3176
[19:59:47] [main/INFO]: Mixing server.MixinPlayerList from nochatreports.mixins.json into net.minecraft.class_3324
[19:59:47] [main/INFO]: Mixing common.MixinServerStatus from nochatreports.mixins.json into net.minecraft.class_2926
[19:59:48] [main/INFO]: Initialized TerraBlender biomes for level stem minecraft:overworld
[19:59:48] [main/INFO]: ".\config\byg\nether-biomes.json5" was read.
[19:59:48] [main/INFO]: ".\config\byg\end-biomes.json5" was read.
[19:59:48] [main/INFO]: Applied 0 biome modifications to 0 of 138 new biomes in 3.456 ms
[19:59:48] [main/INFO]: ".\config\byg\surface_rules\nether_surface_rules.json5" was read.
[19:59:48] [main/INFO]: ".\config\byg\surface_rules\end_surface_rules.json5" was read.
[19:59:48] [main/INFO]: ".\config\byg\surface_rules\overworld_surface_rules.json5" was read.
[19:59:48] [Server thread/INFO]: Loading server config for leavesbegone
[19:59:48] [Server thread/INFO]: Adding waystone fwaystones:village_waystone to village minecraft:village/savanna/houses
[19:59:48] [Server thread/INFO]: Adding waystone fwaystones:village_waystone to village minecraft:village/snowy/houses
[19:59:48] [Server thread/INFO]: Adding waystone fwaystones:village_waystone to village minecraft:village/plains/houses
[19:59:48] [Server thread/INFO]: Adding waystone fwaystones:desert_village_waystone to village minecraft:village/desert/houses
[19:59:48] [Server thread/INFO]: Adding waystone fwaystones:village_waystone to village minecraft:village/taiga/houses
[19:59:48] [Server thread/INFO]: "Oh The Biomes You'll Go" after registries freeze event firing...
[19:59:48] [Server thread/INFO]: ".\config\byg\growing-patterns.json5" was read.
[19:59:48] [Server thread/INFO]: ".\config\byg\trades.json5" was read.
[19:59:48] [Server thread/INFO]: ".\config\byg\biomepedia.json5" was read.
[19:59:48] [Server thread/INFO]: Created compressed zip back up for ".\config\byg" in ".\config\byg\backups\last_working_configs_backup.zip"
[19:59:48] [Server thread/INFO]: BYG: Compostible Blocks Added!
[19:59:48] [Server thread/INFO]: BYG: Added tillables!
[19:59:48] [Server thread/INFO]: BYG: Added Flammables!
[19:59:48] [Server thread/INFO]: BYG: "Load Complete" Event Complete!
[19:59:48] [Server thread/INFO]: BYG: Added strippable Blocks...
[19:59:48] [Server thread/INFO]: "Oh The Biomes You'll Go" after registries freeze event complete!
[19:59:48] [Server thread/INFO]: Starting minecraft server version 1.19.2
[19:59:48] [Server thread/INFO]: Loading properties
[19:59:48] [Server thread/INFO]: Default game type: SURVIVAL
[19:59:48] [Server thread/INFO]: Generating keypair
[19:59:48] [Server thread/INFO]: Starting Minecraft server on *:25565
[19:59:48] [Server thread/INFO]: Using default channel type
[19:59:48] [Server thread/WARN]: **** SERVER IS RUNNING IN OFFLINE/INSECURE MODE!
[19:59:48] [Server thread/WARN]: The server will make no attempt to authenticate usernames. Beware.
[19:59:48] [Server thread/WARN]: While this makes the game possible to play without internet access, it also opens up the ability for hackers to connect with any username they choose.
[19:59:48] [Server thread/WARN]: To change this, set "online-mode" to "true" in the server.properties file.
[19:59:48] [Server thread/INFO]: Preparing level "world"
[19:59:49] [Server thread/INFO]: ".\config\byg\surface_rules\nether_surface_rules.json5" was read.
[19:59:49] [Server thread/INFO]: ".\config\byg\surface_rules\end_surface_rules.json5" was read.
[19:59:49] [Server thread/INFO]: ".\config\byg\surface_rules\overworld_surface_rules.json5" was read.
[19:59:49] [Server thread/INFO]: Loading dimension "minecraft:the_nether" with biome source: "byg:nether".
[19:59:49] [Server thread/INFO]: ".\config\byg\surface_rules\nether_surface_rules.json5" was read.
[19:59:49] [Server thread/INFO]: ".\config\byg\surface_rules\end_surface_rules.json5" was read.
[19:59:49] [Server thread/INFO]: ".\config\byg\surface_rules\overworld_surface_rules.json5" was read.
[19:59:49] [Server thread/INFO]: Loading dimension "minecraft:the_end" with biome source: "byg:end".
[19:59:49] [Server thread/INFO]: Preparing start region for dimension minecraft:overworld
[19:59:52] [Worker-Main-7/INFO]: Preparing spawn area: 0%
[19:59:52] [Worker-Main-7/INFO]: Preparing spawn area: 0%
[19:59:52] [Worker-Main-7/INFO]: Preparing spawn area: 0%
[19:59:52] [Worker-Main-7/INFO]: Preparing spawn area: 0%
[19:59:52] [Worker-Main-7/INFO]: Preparing spawn area: 0%
[19:59:52] [Worker-Main-4/INFO]: Preparing spawn area: 0%
[19:59:52] [Worker-Main-7/INFO]: Preparing spawn area: 0%
[19:59:52] [Worker-Main-8/INFO]: Preparing spawn area: 0%
[19:59:53] [Worker-Main-12/INFO]: Preparing spawn area: 23%
[19:59:53] [Server thread/INFO]: Time elapsed: 4510 ms
[19:59:53] [Server thread/INFO]: [MemoryLeakFix] Attempting to ForceLoad All Mixins and clear cache
[19:59:53] [Server thread/INFO]: Mixing common.MixinServerStatusSerializer from nochatreports.mixins.json into net.minecraft.class_2926$class_2929
[19:59:53] [Server thread/INFO]: Mixing server.MixinServerboundChatPacket from nochatreports.mixins.json into net.minecraft.class_2797
[19:59:54] [Server thread/INFO]: [MemoryLeakFix] Done ForceLoad and clearing SpongePowered cache
[19:59:54] [Server thread/INFO]: Done (5.178s)! For help, type "help"
[19:59:54] [Server thread/INFO]: Encoded Weapon Attribute registry size (with package overhead): 10109 bytes (in 2 string chunks with the size of 10000)
[19:59:54] [Server thread/WARN]: Running in offline mode - Voice chat encryption is not secure!
[19:59:54] [VoiceChatServerThread/INFO]: Server started at port 14723
[19:59:54] [Server thread/INFO]: Loaded data from grave data file
[20:03:15] [Server thread/INFO]: Pendr_a_gon[/127.185.40.43:51575] logged in with entity id 38 at (-276.6468741185489, 69.0, -321.8512004122974)
[20:03:15] [Server thread/INFO]: Sending server config values to client
[20:03:15] [Server thread/INFO]: Pendr_a_gon joined the game
[20:03:17] [Netty Server IO #2/INFO]: Receiving client config
[20:03:19] [Server thread/INFO]: Received secret request of Pendr_a_gon (15)
[20:03:19] [Netty Server IO #2/INFO]: Priority overwritten for player Pendr_a_gon. Normal: GRAVE / Robbing: INVENTORY
[20:03:19] [Server thread/INFO]: Sent secret to Pendr_a_gon
[20:03:29] [VoiceChatPacketProcessingThread/INFO]: Successfully authenticated player 23c0aa95-0f73-3803-83af-6284fbb6f689
[20:04:54] [Server thread/INFO]: Saving grave backup data
[20:08:16] [Server thread/INFO]: RoVlum[/127.234.88.46:51775] logged in with entity id 1298 at (-273.69999998807907, 63.0, -268.53226895928753)
[20:08:16] [Server thread/INFO]: Sending server config values to client
[20:08:16] [Server thread/INFO]: RoVlum joined the game
[20:08:17] [Netty Server IO #4/INFO]: Receiving client config
[20:08:18] [Netty Server IO #4/INFO]: Priority overwritten for player RoVlum. Normal: GRAVE / Robbing: INVENTORY
[20:08:18] [Server thread/INFO]: Received secret request of RoVlum (15)
[20:08:18] [Server thread/INFO]: Sent secret to RoVlum
[20:08:27] [VoiceChatPacketProcessingThread/INFO]: Successfully authenticated player d61e7373-293f-3574-b8d2-d6999e89beef
[20:08:29] [Server thread/ERROR]: Error executing task on Server
java.lang.RuntimeException: java.io.FileNotFoundException: immersive_paintings\immersive_paintings_pendr_a_gon\154309725_105142261631950_3501448070876554971_n.png (The system cannot find the file specified)
	at immersive_paintings.resources.ServerPaintingManager.getImageData(ServerPaintingManager.java:96) ~[immersive_paintings-0.4.41.19.2-fabric.jar:?]
	at immersive_paintings.resources.ServerPaintingManager.getImage(ServerPaintingManager.java:70) ~[immersive_paintings-0.4.41.19.2-fabric.jar:?]
	at immersive_paintings.resources.ServerPaintingManager.getImageData(ServerPaintingManager.java:106) ~[immersive_paintings-0.4.41.19.2-fabric.jar:?]
	at immersive_paintings.network.c2s.ImageRequest.receive(ImageRequest.java:31) ~[immersive_paintings-0.4.41.19.2-fabric.jar:?]
	at immersive_paintings.fabric.cobalt.network.NetworkHandlerImpl.lambda$registerMessage$1(NetworkHandlerImpl.java:36) ~[immersive_paintings-0.4.41.19.2-fabric.jar:?]
	at net.minecraft.class_3738.run(class_3738.java:18) ~[server-intermediary.jar:?]
	at net.minecraft.class_1255.method_18859(class_1255.java:157) ~[server-intermediary.jar:?]
	at net.minecraft.class_4093.method_18859(class_4093.java:23) ~[server-intermediary.jar:?]
	at net.minecraft.server.MinecraftServer.method_24306(MinecraftServer.java:776) ~[server-intermediary.jar:?]
	at net.minecraft.server.MinecraftServer.method_18859(MinecraftServer.java:159) ~[server-intermediary.jar:?]
	at net.minecraft.class_1255.method_16075(class_1255.java:131) ~[server-intermediary.jar:?]
	at net.minecraft.server.MinecraftServer.method_20415(MinecraftServer.java:758) ~[server-intermediary.jar:?]
	at net.minecraft.server.MinecraftServer.method_16075(MinecraftServer.java:752) ~[server-intermediary.jar:?]
	at net.minecraft.class_1255.method_18857(class_1255.java:140) ~[server-intermediary.jar:?]
	at net.minecraft.server.MinecraftServer.method_16208(MinecraftServer.java:737) ~[server-intermediary.jar:?]
	at net.minecraft.server.MinecraftServer.method_29741(MinecraftServer.java:669) ~[server-intermediary.jar:?]
	at net.minecraft.server.MinecraftServer.method_29739(MinecraftServer.java:257) ~[server-intermediary.jar:?]
	at java.lang.Thread.run(Thread.java:833) [?:?]
Caused by: java.io.FileNotFoundException: immersive_paintings\immersive_paintings_pendr_a_gon\154309725_105142261631950_3501448070876554971_n.png (The system cannot find the file specified)
	at java.io.FileInputStream.open0(Native Method) ~[?:?]
	at java.io.FileInputStream.open(FileInputStream.java:216) ~[?:?]
	at java.io.FileInputStream.<init>(FileInputStream.java:157) ~[?:?]
	at java.io.FileInputStream.<init>(FileInputStream.java:111) ~[?:?]
	at immersive_paintings.resources.ServerPaintingManager.getImageData(ServerPaintingManager.java:91) ~[immersive_paintings-0.4.41.19.2-fabric.jar:?]
	... 17 more
[20:08:49] [Server thread/ERROR]: Error executing task on Server
java.lang.RuntimeException: java.io.FileNotFoundException: immersive_paintings\immersive_paintings_pendr_a_gon\154309725_105142261631950_3501448070876554971_n.png (The system cannot find the file specified)
	at immersive_paintings.resources.ServerPaintingManager.getImageData(ServerPaintingManager.java:96) ~[immersive_paintings-0.4.41.19.2-fabric.jar:?]
	at immersive_paintings.resources.ServerPaintingManager.getImage(ServerPaintingManager.java:70) ~[immersive_paintings-0.4.41.19.2-fabric.jar:?]
	at immersive_paintings.resources.ServerPaintingManager.getImageData(ServerPaintingManager.java:106) ~[immersive_paintings-0.4.41.19.2-fabric.jar:?]
	at immersive_paintings.network.c2s.ImageRequest.receive(ImageRequest.java:31) ~[immersive_paintings-0.4.41.19.2-fabric.jar:?]
	at immersive_paintings.fabric.cobalt.network.NetworkHandlerImpl.lambda$registerMessage$1(NetworkHandlerImpl.java:36) ~[immersive_paintings-0.4.41.19.2-fabric.jar:?]
	at net.minecraft.class_3738.run(class_3738.java:18) ~[server-intermediary.jar:?]
	at net.minecraft.class_1255.method_18859(class_1255.java:157) ~[server-intermediary.jar:?]
	at net.minecraft.class_4093.method_18859(class_4093.java:23) ~[server-intermediary.jar:?]
	at net.minecraft.server.MinecraftServer.method_24306(MinecraftServer.java:776) ~[server-intermediary.jar:?]
	at net.minecraft.server.MinecraftServer.method_18859(MinecraftServer.java:159) ~[server-intermediary.jar:?]
	at net.minecraft.class_1255.method_16075(class_1255.java:131) ~[server-intermediary.jar:?]
	at net.minecraft.server.MinecraftServer.method_20415(MinecraftServer.java:758) ~[server-intermediary.jar:?]
	at net.minecraft.server.MinecraftServer.method_16075(MinecraftServer.java:752) ~[server-intermediary.jar:?]
	at net.minecraft.class_1255.method_18857(class_1255.java:140) ~[server-intermediary.jar:?]
	at net.minecraft.server.MinecraftServer.method_16208(MinecraftServer.java:737) ~[server-intermediary.jar:?]
	at net.minecraft.server.MinecraftServer.method_29741(MinecraftServer.java:669) ~[server-intermediary.jar:?]
	at net.minecraft.server.MinecraftServer.method_29739(MinecraftServer.java:257) ~[server-intermediary.jar:?]
	at java.lang.Thread.run(Thread.java:833) [?:?]
Caused by: java.io.FileNotFoundException: immersive_paintings\immersive_paintings_pendr_a_gon\154309725_105142261631950_3501448070876554971_n.png (The system cannot find the file specified)
	at java.io.FileInputStream.open0(Native Method) ~[?:?]
	at java.io.FileInputStream.open(FileInputStream.java:216) ~[?:?]
	at java.io.FileInputStream.<init>(FileInputStream.java:157) ~[?:?]
	at java.io.FileInputStream.<init>(FileInputStream.java:111) ~[?:?]
	at immersive_paintings.resources.ServerPaintingManager.getImageData(ServerPaintingManager.java:91) ~[immersive_paintings-0.4.41.19.2-fabric.jar:?]
	... 17 more
[20:09:00] [Server thread/INFO]: <Pendr_a_gon> oof
[20:09:34] [Server thread/INFO]: <RoVlum> u not on vc?
[20:10:13] [Server thread/INFO]: Kompaktive[/127.0.0.1:51843] logged in with entity id 1640 at (-218.62614415442218, 93.5625, -280.4266504666599)
[20:10:13] [Server thread/INFO]: Sending server config values to client
[20:10:13] [Server thread/INFO]: Kompaktive joined the game
[20:10:14] [Netty Server IO #7/INFO]: Receiving client config
[20:10:15] [Netty Server IO #7/INFO]: Priority overwritten for player Kompaktive. Normal: GRAVE / Robbing: INVENTORY
[20:10:15] [Server thread/INFO]: Received secret request of Kompaktive (15)
[20:10:15] [Server thread/INFO]: Sent secret to Kompaktive
[20:10:18] [VoiceChatPacketProcessingThread/INFO]: Successfully authenticated player 1e11a1bc-59f5-3d69-9f82-65e80e7f22bb
[20:10:38] [Server thread/ERROR]: Error executing task on Server
java.lang.RuntimeException: java.io.FileNotFoundException: immersive_paintings\immersive_paintings_pendr_a_gon\154309725_105142261631950_3501448070876554971_n.png (The system cannot find the file specified)
	at immersive_paintings.resources.ServerPaintingManager.getImageData(ServerPaintingManager.java:96) ~[immersive_paintings-0.4.41.19.2-fabric.jar:?]
	at immersive_paintings.network.c2s.ImageRequest.receive(ImageRequest.java:31) ~[immersive_paintings-0.4.41.19.2-fabric.jar:?]
	at immersive_paintings.fabric.cobalt.network.NetworkHandlerImpl.lambda$registerMessage$1(NetworkHandlerImpl.java:36) ~[immersive_paintings-0.4.41.19.2-fabric.jar:?]
	at net.minecraft.class_3738.run(class_3738.java:18) ~[server-intermediary.jar:?]
	at net.minecraft.class_1255.method_18859(class_1255.java:157) ~[server-intermediary.jar:?]
	at net.minecraft.class_4093.method_18859(class_4093.java:23) ~[server-intermediary.jar:?]
	at net.minecraft.server.MinecraftServer.method_24306(MinecraftServer.java:776) ~[server-intermediary.jar:?]
	at net.minecraft.server.MinecraftServer.method_18859(MinecraftServer.java:159) ~[server-intermediary.jar:?]
	at net.minecraft.class_1255.method_16075(class_1255.java:131) ~[server-intermediary.jar:?]
	at net.minecraft.server.MinecraftServer.method_20415(MinecraftServer.java:758) ~[server-intermediary.jar:?]
	at net.minecraft.server.MinecraftServer.method_16075(MinecraftServer.java:752) ~[server-intermediary.jar:?]
	at net.minecraft.class_1255.method_18857(class_1255.java:140) ~[server-intermediary.jar:?]
	at net.minecraft.server.MinecraftServer.method_16208(MinecraftServer.java:737) ~[server-intermediary.jar:?]
	at net.minecraft.server.MinecraftServer.method_29741(MinecraftServer.java:669) ~[server-intermediary.jar:?]
	at net.minecraft.server.MinecraftServer.method_29739(MinecraftServer.java:257) ~[server-intermediary.jar:?]
	at java.lang.Thread.run(Thread.java:833) [?:?]
Caused by: java.io.FileNotFoundException: immersive_paintings\immersive_paintings_pendr_a_gon\154309725_105142261631950_3501448070876554971_n.png (The system cannot find the file specified)
	at java.io.FileInputStream.open0(Native Method) ~[?:?]
	at java.io.FileInputStream.open(FileInputStream.java:216) ~[?:?]
	at java.io.FileInputStream.<init>(FileInputStream.java:157) ~[?:?]
	at java.io.FileInputStream.<init>(FileInputStream.java:111) ~[?:?]
	at immersive_paintings.resources.ServerPaintingManager.getImageData(ServerPaintingManager.java:91) ~[immersive_paintings-0.4.41.19.2-fabric.jar:?]
	... 15 more
[20:13:47] [Server thread/INFO]: [Kompaktive: Killed 97 entities]
[20:14:36] [Server thread/INFO]: [Kompaktive: Killed 35 entities]
[20:17:25] [Server thread/INFO]: Xygnus[/127.198.41.134:52042] logged in with entity id 4268 at (-277.92684930152495, 69.0, -319.42129080149726)
[20:17:25] [Server thread/INFO]: Sending server config values to client
[20:17:25] [Server thread/INFO]: Xygnus joined the game
[20:17:27] [Netty Server IO #14/INFO]: Receiving client config
[20:17:28] [Server thread/INFO]: Received secret request of Xygnus (15)
[20:17:28] [Netty Server IO #14/INFO]: Priority overwritten for player Xygnus. Normal: GRAVE / Robbing: INVENTORY
[20:17:28] [Server thread/INFO]: Sent secret to Xygnus
[20:17:43] [VoiceChatPacketProcessingThread/INFO]: Successfully authenticated player 56b826db-92a5-3046-b8c0-be8f72a01531
[20:18:47] [Server thread/WARN]: Mismatch in destroy block pos: class_2338{x=-290, y=67, z=-377} class_2338{x=-291, y=66, z=-377}
[20:22:08] [Server thread/INFO]: [Kompaktive: Killed 68 entities]
[20:29:27] [Server thread/INFO]: [Kompaktive: Killed 74 entities]
[20:34:33] [Server thread/WARN]: Can't keep up! Is the server overloaded? Running 2290ms or 45 ticks behind
[20:35:11] [VoiceChatPacketProcessingThread/INFO]: Player 23c0aa95-0f73-3803-83af-6284fbb6f689 timed out
[20:35:11] [VoiceChatPacketProcessingThread/INFO]: Reconnecting player Pendr_a_gon
[20:35:11] [VoiceChatPacketProcessingThread/INFO]: Sent secret to Pendr_a_gon
[20:35:16] [Server thread/WARN]: Pendr_a_gon moved too quickly! -1.851573232654573,2.024424088213692,-9.720200595443458
[20:35:16] [VoiceChatPacketProcessingThread/INFO]: Successfully authenticated player 23c0aa95-0f73-3803-83af-6284fbb6f689
[20:40:49] [Server thread/INFO]: RoVlum has made the advancement [The End?]
[20:41:10] [Server thread/INFO]: RoVlum was slain by Enderman
[20:41:10] [Server thread/INFO]: Grave spawned at: 4, 3, -239 | minecraft:the_end
[20:41:11] [Netty Server IO #4/ERROR]: Server handling Packets.C2S_AttackRequest - No current attack hand!
[20:41:11] [Netty Server IO #4/ERROR]: Combo count: 2 is dual wielding: false
[20:41:11] [Netty Server IO #4/ERROR]: Main-hand stack: 1 air
[20:41:11] [Netty Server IO #4/ERROR]: Off-hand stack: 1 air
[20:41:11] [Netty Server IO #4/ERROR]: Selected slot server: 1 | client: 1
[20:41:11] [Netty Server IO #4/ERROR]: Server handling Packets.C2S_AttackRequest - No current attack hand!
[20:41:11] [Netty Server IO #4/ERROR]: Combo count: 3 is dual wielding: false
[20:41:11] [Netty Server IO #4/ERROR]: Main-hand stack: 1 air
[20:41:11] [Netty Server IO #4/ERROR]: Off-hand stack: 1 air
[20:41:11] [Netty Server IO #4/ERROR]: Selected slot server: 1 | client: 1
[20:41:13] [Server thread/INFO]: <Kompaktive> wtf
[20:41:19] [Server thread/INFO]: <RoVlum> kedeketan
[20:41:30] [Server thread/INFO]: <Kompaktive> gravenya ngespawn di dalem leave pula wkwkw
[20:41:31] [Server thread/INFO]: <RoVlum> kedeketan
[20:41:50] [Server thread/INFO]: [Kompaktive: Set 1 experience levels on RoVlum]
[20:41:50] [Server thread/INFO]: <RoVlum> ga ada exp buat tp..
[20:41:54] [Server thread/INFO]: <RoVlum> nvm
[20:42:04] [Server thread/INFO]: <Pendr_a_gon> lewat nether\
[20:42:10] [Server thread/INFO]: Grave at 4, 3, -239 was replaced with Block{byg:brown_oak_leaves}
[20:42:10] [Server thread/INFO]: RoVlum is retrieving their grave at 4, 3, -239
[20:42:10] [Server thread/INFO]: RoVlum retrieved the items from the grave
[20:42:10] [Server thread/INFO]: [Kompaktive: Killed 26 entities]
[20:42:25] [Netty Server IO #4/ERROR]: Server handling Packets.C2S_AttackRequest - No current attack hand!
[20:42:25] [Netty Server IO #4/ERROR]: Combo count: 12 is dual wielding: false
[20:42:25] [Netty Server IO #4/ERROR]: Main-hand stack: 1 air
[20:42:25] [Netty Server IO #4/ERROR]: Off-hand stack: 1 air
[20:42:25] [Netty Server IO #4/ERROR]: Selected slot server: 0 | client: 0
[20:42:25] [Netty Server IO #4/ERROR]: Server handling Packets.C2S_AttackRequest - No current attack hand!
[20:42:25] [Netty Server IO #4/ERROR]: Combo count: 13 is dual wielding: false
[20:42:25] [Netty Server IO #4/ERROR]: Main-hand stack: 1 air
[20:42:25] [Netty Server IO #4/ERROR]: Off-hand stack: 1 air
[20:42:25] [Netty Server IO #4/ERROR]: Selected slot server: 0 | client: 0
[20:42:26] [Server thread/INFO]: Saving grave backup data
[20:42:26] [Netty Server IO #4/ERROR]: Server handling Packets.C2S_AttackRequest - No current attack hand!
[20:42:26] [Netty Server IO #4/ERROR]: Combo count: 14 is dual wielding: false
[20:42:26] [Netty Server IO #4/ERROR]: Main-hand stack: 1 air
[20:42:26] [Netty Server IO #4/ERROR]: Off-hand stack: 1 air
[20:42:26] [Netty Server IO #4/ERROR]: Selected slot server: 0 | client: 0
[20:42:27] [Netty Server IO #4/ERROR]: Server handling Packets.C2S_AttackRequest - No current attack hand!
[20:42:27] [Netty Server IO #4/ERROR]: Combo count: 15 is dual wielding: false
[20:42:27] [Netty Server IO #4/ERROR]: Main-hand stack: 1 air
[20:42:27] [Netty Server IO #4/ERROR]: Off-hand stack: 1 air
[20:42:27] [Netty Server IO #4/ERROR]: Selected slot server: 0 | client: 0
[20:42:47] [Server thread/WARN]: Pendr_a_gon moved too quickly! -15.837850018059896,0.10897920504409342,7.311991873452371
[20:42:55] [Server thread/WARN]: Pendr_a_gon moved too quickly! -17.431524333130596,1.4224408472503143,0.7879813511738121
[20:43:02] [Server thread/INFO]: <RoVlum> 5 hit ancur
[20:43:14] [Server thread/INFO]: <Pendr_a_gon> apanya
[20:43:17] [Server thread/INFO]: <Kompaktive> harus pake mending
[20:43:20] [Server thread/INFO]: <RoVlum> pedangnya
[20:43:30] [Server thread/INFO]: <RoVlum> gapunya mending
[20:43:36] [Server thread/INFO]: <RoVlum> minjem mas
[20:43:39] [Server thread/INFO]: <Pendr_a_gon> ada yang jual
[20:43:42] [Server thread/INFO]: <RoVlum> kemahalan
[20:43:44] [Server thread/WARN]: Pendr_a_gon moved too quickly! -17.954094586875527,2.404031536513358,-1.5111882867477107
[20:43:45] [Server thread/INFO]: <RoVlum> ga manuk akal
[20:43:51] [Server thread/INFO]: <Pendr_a_gon> 24?
[20:43:56] [Server thread/INFO]: <RoVlum> 24 eme?
[20:44:06] [Server thread/INFO]: <Pendr_a_gon> ye
[20:44:16] [Server thread/INFO]: <RoVlum> cuma punya 3 eme
[20:44:23] [Server thread/INFO]: <Pendr_a_gon> cope
[20:46:22] [Netty Server IO #4/ERROR]: Server handling Packets.C2S_AttackRequest - No current attack hand!
[20:46:22] [Netty Server IO #4/ERROR]: Combo count: 13 is dual wielding: false
[20:46:22] [Netty Server IO #4/ERROR]: Main-hand stack: 1 air
[20:46:22] [Netty Server IO #4/ERROR]: Off-hand stack: 1 air
[20:46:22] [Netty Server IO #4/ERROR]: Selected slot server: 1 | client: 1
[20:46:23] [Netty Server IO #4/ERROR]: Server handling Packets.C2S_AttackRequest - No current attack hand!
[20:46:23] [Netty Server IO #4/ERROR]: Combo count: 14 is dual wielding: false
[20:46:23] [Netty Server IO #4/ERROR]: Main-hand stack: 1 air
[20:46:23] [Netty Server IO #4/ERROR]: Off-hand stack: 1 air
[20:46:23] [Netty Server IO #4/ERROR]: Selected slot server: 1 | client: 1
[20:46:24] [Netty Server IO #4/ERROR]: Server handling Packets.C2S_AttackRequest - No current attack hand!
[20:46:24] [Netty Server IO #4/ERROR]: Combo count: 15 is dual wielding: false
[20:46:24] [Netty Server IO #4/ERROR]: Main-hand stack: 1 air
[20:46:24] [Netty Server IO #4/ERROR]: Off-hand stack: 1 air
[20:46:24] [Netty Server IO #4/ERROR]: Selected slot server: 1 | client: 1
[20:48:18] [Server thread/INFO]: RoVlum fell from a high place
[20:48:18] [Server thread/INFO]: Grave spawned at: -286, 73, -242 | minecraft:overworld
[20:48:25] [Server thread/INFO]: <Pendr_a_gon> wow
[20:48:46] [Server thread/INFO]: Grave at -286, 73, -242 was replaced with Block{minecraft:air}
[20:48:46] [Server thread/INFO]: RoVlum is retrieving their grave at -286, 73, -242
[20:48:46] [Server thread/INFO]: RoVlum retrieved the items from the grave
[20:49:34] [Server thread/WARN]: Pendr_a_gon moved too quickly! -1.0005119264985751,-0.8669999050266597,-17.8513372940655
[20:49:56] [Server thread/INFO]: Saving grave backup data
[20:50:02] [Server thread/WARN]: Pendr_a_gon moved too quickly! -10.05963553267759,15.036224659443803,3.730363657138696
[20:50:54] [Server thread/INFO]: <Pendr_a_gon> xaero-waypoint:Shared Location:S:-902:129:732:6:false:0:Internal-the-end-waypoints
[20:50:59] [Server thread/INFO]: <Pendr_a_gon> second end city
[20:51:06] [Server thread/INFO]: <Pendr_a_gon> theres no ship though
[20:51:13] [Server thread/INFO]: <Pendr_a_gon> feel free to loot
[20:51:26] [Server thread/WARN]: Pendr_a_gon moved too quickly! -7.5938004856417365,-1.6989849692434404,-17.289962676813957
[20:53:21] [Server thread/INFO]: <Pendr_a_gon> this biome is gorgeous what the fuck
[20:54:18] [Server thread/WARN]: Pendr_a_gon moved too quickly! -3.898057078700731,0.46836527083911506,17.368965323605394
[20:54:31] [Server thread/WARN]: Pendr_a_gon moved too quickly! -1.87994326877174,-2.3679187616302215,18.2065957327259
[20:54:47] [Server thread/WARN]: Pendr_a_gon moved too quickly! 2.197336528522783,5.916509262926766,17.04571841351077
[20:55:46] [Server thread/WARN]: Pendr_a_gon moved too quickly! 8.829286215765023,-2.392508799596982,-15.358079441232235
[20:55:49] [Server thread/WARN]: Pendr_a_gon moved too quickly! 8.754585295990864,-6.977684984119264,-13.432455460733252
[20:56:50] [Worker-Main-9/WARN]: Ignoring unknown attribute 'forge:entity_gravity'
[20:56:50] [Worker-Main-1/WARN]: Ignoring unknown attribute 'forge:entity_gravity'
[20:56:50] [Worker-Main-1/WARN]: Ignoring unknown attribute 'forge:entity_gravity'
[20:56:50] [Worker-Main-1/WARN]: Ignoring unknown attribute 'forge:entity_gravity'
[20:56:50] [Worker-Main-1/WARN]: Ignoring unknown attribute 'forge:entity_gravity'
[20:56:53] [Worker-Main-22/WARN]: Ignoring unknown attribute 'forge:entity_gravity'
[20:56:53] [Worker-Main-22/WARN]: Ignoring unknown attribute 'forge:entity_gravity'
[20:56:53] [Worker-Main-22/WARN]: Ignoring unknown attribute 'forge:entity_gravity'
[20:56:53] [Worker-Main-22/WARN]: Ignoring unknown attribute 'forge:entity_gravity'
[20:57:11] [Worker-Main-6/WARN]: Ignoring unknown attribute 'forge:entity_gravity'
[20:57:11] [Worker-Main-10/WARN]: Ignoring unknown attribute 'forge:entity_gravity'
[20:57:11] [Worker-Main-10/WARN]: Ignoring unknown attribute 'forge:entity_gravity'
[20:57:11] [Worker-Main-10/WARN]: Ignoring unknown attribute 'forge:entity_gravity'
[20:57:11] [Worker-Main-10/WARN]: Ignoring unknown attribute 'forge:entity_gravity'
[20:57:11] [Worker-Main-10/WARN]: Ignoring unknown attribute 'forge:entity_gravity'
[20:57:13] [Server thread/WARN]: Pendr_a_gon moved too quickly! 14.423099384312081,-9.147890546872091,3.436739277965671
[20:57:17] [Server thread/WARN]: Pendr_a_gon moved too quickly! -15.965368312940882,2.3053540045633127,-8.233547983157905
[20:57:19] [Worker-Main-2/WARN]: Ignoring unknown attribute 'forge:entity_gravity'
[20:57:19] [Worker-Main-11/WARN]: Ignoring unknown attribute 'forge:entity_gravity'
[20:57:19] [Worker-Main-3/WARN]: Ignoring unknown attribute 'forge:entity_gravity'
[20:57:19] [Worker-Main-13/WARN]: Ignoring unknown attribute 'forge:entity_gravity'
[20:57:19] [Worker-Main-11/WARN]: Ignoring unknown attribute 'forge:entity_gravity'
[20:57:19] [Worker-Main-11/WARN]: Ignoring unknown attribute 'forge:entity_gravity'
[20:57:19] [Worker-Main-11/WARN]: Ignoring unknown attribute 'forge:entity_gravity'
[20:57:19] [Worker-Main-11/WARN]: Ignoring unknown attribute 'forge:entity_gravity'
[20:57:19] [Worker-Main-11/WARN]: Ignoring unknown attribute 'forge:entity_gravity'
[20:57:19] [Worker-Main-8/WARN]: Ignoring unknown attribute 'forge:entity_gravity'
[20:57:19] [Worker-Main-1/WARN]: Ignoring unknown attribute 'forge:entity_gravity'
[20:57:19] [Worker-Main-1/WARN]: Ignoring unknown attribute 'forge:entity_gravity'
[20:57:19] [Worker-Main-10/WARN]: Ignoring unknown attribute 'forge:entity_gravity'
[20:57:19] [Worker-Main-1/WARN]: Ignoring unknown attribute 'forge:entity_gravity'
[20:57:19] [Worker-Main-1/WARN]: Ignoring unknown attribute 'forge:entity_gravity'
[20:57:19] [Worker-Main-1/WARN]: Ignoring unknown attribute 'forge:entity_gravity'
[20:57:19] [Worker-Main-1/WARN]: Ignoring unknown attribute 'forge:entity_gravity'
[20:57:19] [Worker-Main-1/WARN]: Ignoring unknown attribute 'forge:entity_gravity'
[20:57:21] [Worker-Main-7/WARN]: Ignoring unknown attribute 'forge:entity_gravity'
[20:57:23] [Worker-Main-3/WARN]: Ignoring unknown attribute 'forge:entity_gravity'
[20:57:23] [Worker-Main-3/WARN]: Ignoring unknown attribute 'forge:entity_gravity'
[20:57:23] [Worker-Main-3/WARN]: Ignoring unknown attribute 'forge:entity_gravity'
[20:57:23] [Worker-Main-3/WARN]: Ignoring unknown attribute 'forge:entity_gravity'
[20:57:23] [Worker-Main-3/WARN]: Ignoring unknown attribute 'forge:entity_gravity'
[20:57:24] [Worker-Main-2/WARN]: Ignoring unknown attribute 'forge:entity_gravity'
[20:57:24] [Worker-Main-2/WARN]: Ignoring unknown attribute 'forge:entity_gravity'
[20:57:24] [Worker-Main-2/WARN]: Ignoring unknown attribute 'forge:entity_gravity'
[20:57:24] [Worker-Main-13/WARN]: Ignoring unknown attribute 'forge:entity_gravity'
[20:57:24] [Worker-Main-7/WARN]: Ignoring unknown attribute 'forge:entity_gravity'
[20:57:34] [Worker-Main-3/WARN]: Ignoring unknown attribute 'forge:entity_gravity'
[20:57:34] [Worker-Main-10/WARN]: Ignoring unknown attribute 'forge:entity_gravity'
[20:57:34] [Worker-Main-2/WARN]: Ignoring unknown attribute 'forge:entity_gravity'
[20:57:34] [Worker-Main-2/WARN]: Ignoring unknown attribute 'forge:entity_gravity'
[20:57:34] [Worker-Main-2/WARN]: Ignoring unknown attribute 'forge:entity_gravity'
[20:57:34] [Worker-Main-2/WARN]: Ignoring unknown attribute 'forge:entity_gravity'
[20:57:34] [Worker-Main-2/WARN]: Ignoring unknown attribute 'forge:entity_gravity'
[20:57:37] [Worker-Main-14/WARN]: Ignoring unknown attribute 'forge:entity_gravity'
[20:57:50] [Worker-Main-2/WARN]: Ignoring unknown attribute 'forge:entity_gravity'
[20:57:50] [Worker-Main-3/WARN]: Ignoring unknown attribute 'forge:entity_gravity'
[20:57:50] [Worker-Main-3/WARN]: Ignoring unknown attribute 'forge:entity_gravity'
[20:57:50] [Worker-Main-3/WARN]: Ignoring unknown attribute 'forge:entity_gravity'
[20:57:50] [Worker-Main-3/WARN]: Ignoring unknown attribute 'forge:entity_gravity'
[20:57:50] [Worker-Main-3/WARN]: Ignoring unknown attribute 'forge:entity_gravity'
[20:58:02] [Worker-Main-2/WARN]: Ignoring unknown attribute 'forge:entity_gravity'
[20:58:02] [Worker-Main-2/WARN]: Ignoring unknown attribute 'forge:entity_gravity'
[20:58:02] [Worker-Main-2/WARN]: Ignoring unknown attribute 'forge:entity_gravity'
[20:58:05] [Worker-Main-20/WARN]: Ignoring unknown attribute 'forge:entity_gravity'
[20:58:05] [Worker-Main-8/WARN]: Ignoring unknown attribute 'forge:entity_gravity'
[20:58:06] [Worker-Main-13/WARN]: Ignoring unknown attribute 'forge:entity_gravity'
[20:58:10] [Worker-Main-6/WARN]: Ignoring unknown attribute 'forge:entity_gravity'
[20:58:10] [Worker-Main-7/WARN]: Ignoring unknown attribute 'forge:entity_gravity'
[20:58:10] [Worker-Main-7/WARN]: Ignoring unknown attribute 'forge:entity_gravity'
[20:58:10] [Worker-Main-7/WARN]: Ignoring unknown attribute 'forge:entity_gravity'
[20:58:10] [Worker-Main-6/WARN]: Ignoring unknown attribute 'forge:entity_gravity'
[20:58:10] [Worker-Main-6/WARN]: Ignoring unknown attribute 'forge:entity_gravity'
[20:58:10] [Worker-Main-6/WARN]: Ignoring unknown attribute 'forge:entity_gravity'
[20:58:10] [Worker-Main-6/WARN]: Ignoring unknown attribute 'forge:entity_gravity'
[20:58:10] [Worker-Main-6/WARN]: Ignoring unknown attribute 'forge:entity_gravity'
[20:58:23] [Worker-Main-7/WARN]: Ignoring unknown attribute 'forge:entity_gravity'
[20:58:24] [Worker-Main-11/WARN]: Ignoring unknown attribute 'forge:entity_gravity'
[20:58:25] [Worker-Main-6/WARN]: Ignoring unknown attribute 'forge:entity_gravity'
[20:58:25] [Worker-Main-6/WARN]: Ignoring unknown attribute 'forge:entity_gravity'
[20:58:25] [Worker-Main-6/WARN]: Ignoring unknown attribute 'forge:entity_gravity'
[20:58:25] [Worker-Main-6/WARN]: Ignoring unknown attribute 'forge:entity_gravity'
[20:58:25] [Worker-Main-2/WARN]: Ignoring unknown attribute 'forge:entity_gravity'
[20:58:26] [Worker-Main-1/WARN]: Ignoring unknown attribute 'forge:entity_gravity'
[20:58:26] [Worker-Main-6/WARN]: Ignoring unknown attribute 'forge:entity_gravity'
[20:58:26] [Worker-Main-6/WARN]: Ignoring unknown attribute 'forge:entity_gravity'
[20:58:27] [Worker-Main-2/WARN]: Ignoring unknown attribute 'forge:entity_gravity'
[20:58:31] [Worker-Main-9/WARN]: Ignoring unknown attribute 'forge:entity_gravity'
[20:58:32] [Worker-Main-11/WARN]: Ignoring unknown attribute 'forge:entity_gravity'
[20:58:32] [Worker-Main-8/WARN]: Ignoring unknown attribute 'forge:entity_gravity'
[20:58:32] [Worker-Main-1/WARN]: Ignoring unknown attribute 'forge:entity_gravity'
[20:58:32] [Worker-Main-1/WARN]: Ignoring unknown attribute 'forge:entity_gravity'
[20:58:32] [Worker-Main-1/WARN]: Ignoring unknown attribute 'forge:entity_gravity'
[20:58:32] [Worker-Main-1/WARN]: Ignoring unknown attribute 'forge:entity_gravity'
[20:58:32] [Worker-Main-1/WARN]: Ignoring unknown attribute 'forge:entity_gravity'
[20:58:33] [Worker-Main-3/WARN]: Ignoring unknown attribute 'forge:entity_gravity'
[20:58:35] [Worker-Main-21/WARN]: Ignoring unknown attribute 'forge:entity_gravity'
[20:58:36] [Worker-Main-2/WARN]: Ignoring unknown attribute 'forge:entity_gravity'
[20:58:36] [Worker-Main-1/WARN]: Ignoring unknown attribute 'forge:entity_gravity'
[20:58:36] [Worker-Main-1/WARN]: Ignoring unknown attribute 'forge:entity_gravity'
[20:58:36] [Worker-Main-1/WARN]: Ignoring unknown attribute 'forge:entity_gravity'
[20:58:36] [Worker-Main-21/WARN]: Ignoring unknown attribute 'forge:entity_gravity'
[20:58:38] [Worker-Main-4/WARN]: Ignoring unknown attribute 'forge:entity_gravity'
[20:58:38] [Worker-Main-4/WARN]: Ignoring unknown attribute 'forge:entity_gravity'
[20:58:38] [Worker-Main-4/WARN]: Ignoring unknown attribute 'forge:entity_gravity'
[20:58:38] [Worker-Main-4/WARN]: Ignoring unknown attribute 'forge:entity_gravity'
[20:58:38] [Worker-Main-4/WARN]: Ignoring unknown attribute 'forge:entity_gravity'
[20:58:38] [Worker-Main-7/WARN]: Ignoring unknown attribute 'forge:entity_gravity'
[20:58:50] [Worker-Main-8/WARN]: Ignoring unknown attribute 'forge:entity_gravity'
[20:58:50] [Worker-Main-1/WARN]: Ignoring unknown attribute 'forge:entity_gravity'
[20:58:50] [Worker-Main-1/WARN]: Ignoring unknown attribute 'forge:entity_gravity'
[20:58:50] [Worker-Main-1/WARN]: Ignoring unknown attribute 'forge:entity_gravity'
[20:58:50] [Worker-Main-1/WARN]: Ignoring unknown attribute 'forge:entity_gravity'
[20:58:50] [Worker-Main-1/WARN]: Ignoring unknown attribute 'forge:entity_gravity'
[20:58:58] [Worker-Main-14/WARN]: Ignoring unknown attribute 'forge:entity_gravity'
[20:58:58] [Worker-Main-14/WARN]: Ignoring unknown attribute 'forge:entity_gravity'
[20:58:58] [Worker-Main-14/WARN]: Ignoring unknown attribute 'forge:entity_gravity'
[20:58:58] [Worker-Main-14/WARN]: Ignoring unknown attribute 'forge:entity_gravity'
[20:58:58] [Worker-Main-14/WARN]: Ignoring unknown attribute 'forge:entity_gravity'
[20:58:58] [Worker-Main-1/WARN]: Ignoring unknown attribute 'forge:entity_gravity'
[20:58:58] [Worker-Main-1/WARN]: Ignoring unknown attribute 'forge:entity_gravity'
[20:58:59] [Worker-Main-13/WARN]: Ignoring unknown attribute 'forge:entity_gravity'
[20:58:59] [Worker-Main-13/WARN]: Ignoring unknown attribute 'forge:entity_gravity'
[20:58:59] [Worker-Main-13/WARN]: Ignoring unknown attribute 'forge:entity_gravity'
[20:58:59] [Worker-Main-13/WARN]: Ignoring unknown attribute 'forge:entity_gravity'
[20:58:59] [Worker-Main-13/WARN]: Ignoring unknown attribute 'forge:entity_gravity'
[20:59:02] [Server thread/WARN]: Pendr_a_gon moved too quickly! 12.36135942995702,0.01853088878074516,13.467305781599407
[20:59:03] [Server thread/WARN]: Pendr_a_gon moved too quickly! 12.326525071395963,0.10235303417016439,13.56881929440624
[20:59:05] [Worker-Main-22/WARN]: Ignoring unknown attribute 'forge:entity_gravity'
[20:59:07] [Server thread/WARN]: Pendr_a_gon moved too quickly! 11.44049733920906,0.763609452473176,13.570128756347913
[20:59:10] [Worker-Main-8/WARN]: Ignoring unknown attribute 'forge:entity_gravity'
[20:59:11] [Server thread/WARN]: Pendr_a_gon moved too quickly! 11.03404502181138,-1.489752630406116,14.23424491360106
[20:59:16] [Worker-Main-10/WARN]: Ignoring unknown attribute 'forge:entity_gravity'
[20:59:16] [Worker-Main-10/WARN]: Ignoring unknown attribute 'forge:entity_gravity'
[20:59:16] [Worker-Main-10/WARN]: Ignoring unknown attribute 'forge:entity_gravity'
[20:59:16] [Worker-Main-10/WARN]: Ignoring unknown attribute 'forge:entity_gravity'
[20:59:16] [Worker-Main-10/WARN]: Ignoring unknown attribute 'forge:entity_gravity'
[20:59:16] [Worker-Main-10/WARN]: Ignoring unknown attribute 'forge:entity_gravity'
[20:59:33] [Server thread/WARN]: Pendr_a_gon moved too quickly! 12.303860947065687,-1.957002748279848,13.383478627781642
[20:59:59] [Worker-Main-13/WARN]: Ignoring unknown attribute 'forge:entity_gravity'
[20:59:59] [Worker-Main-13/WARN]: Ignoring unknown attribute 'forge:entity_gravity'
[20:59:59] [Worker-Main-13/WARN]: Ignoring unknown attribute 'forge:entity_gravity'
[20:59:59] [Worker-Main-13/WARN]: Ignoring unknown attribute 'forge:entity_gravity'
[21:00:10] [Worker-Main-14/WARN]: Ignoring unknown attribute 'forge:entity_gravity'
[21:00:50] [Server thread/WARN]: Pendr_a_gon moved too quickly! 17.828238914300755,2.848853169242666,-1.5123926676396877
[21:02:12] [Server thread/WARN]: Pendr_a_gon moved too quickly! 17.31741530008867,1.0849058929469635,5.360490106408633
[21:02:15] [Server thread/WARN]: Pendr_a_gon moved too quickly! 16.130416707281483,1.1679371168760753,8.325300902009758
[21:02:22] [Server thread/WARN]: Pendr_a_gon moved too quickly! 17.305439889656668,-1.95445265733386,4.799468430657271
[21:02:27] [Server thread/WARN]: Pendr_a_gon moved too quickly! 15.626490058940362,-1.6017533163055333,-8.377568359150928
[21:02:39] [Server thread/WARN]: Pendr_a_gon moved too quickly! 8.977309658080003,-2.223596320113316,14.864558560983824
[21:02:43] [Server thread/WARN]: Pendr_a_gon moved too quickly! 5.601336405222469,0.6936132893849845,16.985539759325434
[21:03:03] [Server thread/WARN]: Pendr_a_gon moved too quickly! -3.5123717796701612,-2.048785355862762,17.076850482211967
[21:03:07] [Server thread/WARN]: Pendr_a_gon moved too quickly! -15.482902746347463,-1.643923330377831,8.620330525967347
[21:03:32] [Server thread/WARN]: Pendr_a_gon moved too quickly! 11.039418664290679,-1.0551694992237657,-13.399987705934905
[21:03:44] [Server thread/WARN]: Pendr_a_gon moved too quickly! 13.177678084544254,-1.801713646882746,-12.407799967847154
[21:03:58] [Server thread/WARN]: Pendr_a_gon moved too quickly! 12.813596941622336,-1.6098776148683527,-13.236415618446244
[21:04:14] [Server thread/WARN]: Pendr_a_gon moved too quickly! -1.8189526002709613,-1.906088674541067,-17.642041267756213
[21:04:23] [Server thread/WARN]: Pendr_a_gon moved too quickly! -8.66151438658909,-1.2451945049208177,-16.39690095537344
[21:04:26] [Server thread/WARN]: Pendr_a_gon moved too quickly! -6.959444762319947,-1.8704300051031453,-17.240489716416505
[21:04:43] [Server thread/WARN]: Pendr_a_gon moved too quickly! -9.074032908555978,-3.2405285002248974,-15.116589557440648
[21:05:07] [Server thread/WARN]: Pendr_a_gon moved too quickly! 17.227578183580135,-0.005255199542204991,6.211282579891531
[21:05:17] [Server thread/INFO]: <RoVlum> kenapa kalian selalu meninggalkan sesuatu yg tidak berguna di area rumahku
[21:05:28] [Server thread/WARN]: Pendr_a_gon moved too quickly! 7.245022171405182,4.887481989611686,16.07140841184696
[21:05:30] [Server thread/INFO]: <Pendr_a_gon> Xygnus
[21:05:32] [Server thread/INFO]: <Kompaktive> Xygnus
[21:05:33] [Server thread/WARN]: Pendr_a_gon moved too quickly! 6.543103201104358,-3.888538435293256,15.916500484000608
[21:05:37] [Server thread/INFO]: <RoVlum> mba >:(
[21:05:50] [Server thread/WARN]: Pendr_a_gon moved too quickly! 17.431620809381656,-2.2693425097676254,-3.899645565643368
[21:05:54] [Worker-Main-13/WARN]: Ignoring unknown attribute 'forge:entity_gravity'
[21:05:54] [Worker-Main-1/WARN]: Ignoring unknown attribute 'forge:entity_gravity'
[21:05:54] [Worker-Main-1/WARN]: Ignoring unknown attribute 'forge:entity_gravity'
[21:05:54] [Worker-Main-1/WARN]: Ignoring unknown attribute 'forge:entity_gravity'
[21:05:54] [Worker-Main-1/WARN]: Ignoring unknown attribute 'forge:entity_gravity'
[21:05:54] [Worker-Main-1/WARN]: Ignoring unknown attribute 'forge:entity_gravity'
[21:05:54] [Worker-Main-8/WARN]: Ignoring unknown attribute 'forge:entity_gravity'
[21:05:54] [Worker-Main-8/WARN]: Ignoring unknown attribute 'forge:entity_gravity'
[21:05:54] [Worker-Main-8/WARN]: Ignoring unknown attribute 'forge:entity_gravity'
[21:05:54] [Worker-Main-8/WARN]: Ignoring unknown attribute 'forge:entity_gravity'
[21:05:54] [Worker-Main-2/WARN]: Ignoring unknown attribute 'forge:entity_gravity'
[21:06:21] [Server thread/INFO]: [Kompaktive: Killed 30 entities]
[21:06:25] [Worker-Main-1/WARN]: Ignoring unknown attribute 'forge:entity_gravity'
[21:06:29] [Worker-Main-6/WARN]: Ignoring unknown attribute 'forge:entity_gravity'
[21:06:29] [Worker-Main-6/WARN]: Ignoring unknown attribute 'forge:entity_gravity'
[21:06:29] [Worker-Main-6/WARN]: Ignoring unknown attribute 'forge:entity_gravity'
[21:06:29] [Worker-Main-6/WARN]: Ignoring unknown attribute 'forge:entity_gravity'
[21:06:29] [Worker-Main-6/WARN]: Ignoring unknown attribute 'forge:entity_gravity'
[21:06:29] [Worker-Main-6/WARN]: Ignoring unknown attribute 'forge:entity_gravity'
[21:06:34] [Worker-Main-1/WARN]: Ignoring unknown attribute 'forge:entity_gravity'
[21:06:34] [Worker-Main-1/WARN]: Ignoring unknown attribute 'forge:entity_gravity'
[21:06:34] [Worker-Main-1/WARN]: Ignoring unknown attribute 'forge:entity_gravity'
[21:06:34] [Worker-Main-1/WARN]: Ignoring unknown attribute 'forge:entity_gravity'
[21:06:34] [Worker-Main-1/WARN]: Ignoring unknown attribute 'forge:entity_gravity'
[21:06:34] [Worker-Main-1/WARN]: Ignoring unknown attribute 'forge:entity_gravity'
[21:06:41] [Worker-Main-21/WARN]: Ignoring unknown attribute 'forge:entity_gravity'
[21:06:41] [Worker-Main-21/WARN]: Ignoring unknown attribute 'forge:entity_gravity'
[21:06:41] [Worker-Main-21/WARN]: Ignoring unknown attribute 'forge:entity_gravity'
[21:06:41] [Worker-Main-21/WARN]: Ignoring unknown attribute 'forge:entity_gravity'
[21:06:41] [Worker-Main-11/WARN]: Ignoring unknown attribute 'forge:entity_gravity'
[21:06:42] [Worker-Main-10/WARN]: Ignoring unknown attribute 'forge:entity_gravity'
[21:06:42] [Worker-Main-10/WARN]: Ignoring unknown attribute 'forge:entity_gravity'
[21:06:42] [Worker-Main-10/WARN]: Ignoring unknown attribute 'forge:entity_gravity'
[21:06:42] [Worker-Main-10/WARN]: Ignoring unknown attribute 'forge:entity_gravity'
[21:06:42] [Worker-Main-10/WARN]: Ignoring unknown attribute 'forge:entity_gravity'
[21:06:42] [Worker-Main-10/WARN]: Ignoring unknown attribute 'forge:entity_gravity'
[21:06:55] [Worker-Main-13/WARN]: Ignoring unknown attribute 'forge:entity_gravity'
[21:06:55] [Worker-Main-1/WARN]: Ignoring unknown attribute 'forge:entity_gravity'
[21:06:55] [Worker-Main-1/WARN]: Ignoring unknown attribute 'forge:entity_gravity'
[21:06:55] [Worker-Main-1/WARN]: Ignoring unknown attribute 'forge:entity_gravity'
[21:06:55] [Worker-Main-1/WARN]: Ignoring unknown attribute 'forge:entity_gravity'
[21:07:03] [Worker-Main-9/WARN]: Ignoring unknown attribute 'forge:entity_gravity'
[21:07:03] [Worker-Main-22/WARN]: Ignoring unknown attribute 'forge:entity_gravity'
[21:07:03] [Worker-Main-22/WARN]: Ignoring unknown attribute 'forge:entity_gravity'
[21:07:03] [Worker-Main-22/WARN]: Ignoring unknown attribute 'forge:entity_gravity'
[21:07:03] [Worker-Main-22/WARN]: Ignoring unknown attribute 'forge:entity_gravity'
[21:07:03] [Worker-Main-21/WARN]: Ignoring unknown attribute 'forge:entity_gravity'
[21:07:05] [Worker-Main-4/WARN]: Ignoring unknown attribute 'forge:entity_gravity'
[21:07:05] [Worker-Main-4/WARN]: Ignoring unknown attribute 'forge:entity_gravity'
[21:07:05] [Worker-Main-4/WARN]: Ignoring unknown attribute 'forge:entity_gravity'
[21:07:05] [Worker-Main-4/WARN]: Ignoring unknown attribute 'forge:entity_gravity'
[21:07:05] [Worker-Main-9/WARN]: Ignoring unknown attribute 'forge:entity_gravity'
[21:07:06] [Worker-Main-10/WARN]: Ignoring unknown attribute 'forge:entity_gravity'
[21:07:06] [Worker-Main-10/WARN]: Ignoring unknown attribute 'forge:entity_gravity'
[21:07:06] [Worker-Main-10/WARN]: Ignoring unknown attribute 'forge:entity_gravity'
[21:07:06] [Worker-Main-10/WARN]: Ignoring unknown attribute 'forge:entity_gravity'
[21:07:06] [Worker-Main-10/WARN]: Ignoring unknown attribute 'forge:entity_gravity'
[21:07:06] [Worker-Main-10/WARN]: Ignoring unknown attribute 'forge:entity_gravity'
[21:07:06] [Worker-Main-10/WARN]: Ignoring unknown attribute 'forge:entity_gravity'
[21:07:07] [Server thread/INFO]: <Kompaktive> kenapa tps nya rendah ya
[21:07:09] [Worker-Main-4/WARN]: Ignoring unknown attribute 'forge:entity_gravity'
[21:07:09] [Worker-Main-4/WARN]: Ignoring unknown attribute 'forge:entity_gravity'
[21:07:09] [Worker-Main-4/WARN]: Ignoring unknown attribute 'forge:entity_gravity'
[21:07:09] [Worker-Main-6/WARN]: Ignoring unknown attribute 'forge:entity_gravity'
[21:07:09] [Worker-Main-2/WARN]: Ignoring unknown attribute 'forge:entity_gravity'
[21:07:10] [Worker-Main-20/WARN]: Ignoring unknown attribute 'forge:entity_gravity'
[21:07:10] [Worker-Main-20/WARN]: Ignoring unknown attribute 'forge:entity_gravity'
[21:07:10] [Worker-Main-20/WARN]: Ignoring unknown attribute 'forge:entity_gravity'
[21:07:10] [Worker-Main-20/WARN]: Ignoring unknown attribute 'forge:entity_gravity'
[21:07:10] [Worker-Main-20/WARN]: Ignoring unknown attribute 'forge:entity_gravity'
[21:07:10] [Worker-Main-11/WARN]: Ignoring unknown attribute 'forge:entity_gravity'
[21:07:15] [Worker-Main-10/WARN]: Ignoring unknown attribute 'forge:entity_gravity'
[21:07:15] [Worker-Main-10/WARN]: Ignoring unknown attribute 'forge:entity_gravity'
[21:07:15] [Worker-Main-10/WARN]: Ignoring unknown attribute 'forge:entity_gravity'
[21:07:15] [Worker-Main-10/WARN]: Ignoring unknown attribute 'forge:entity_gravity'
[21:07:15] [Worker-Main-10/WARN]: Ignoring unknown attribute 'forge:entity_gravity'
[21:07:16] [Worker-Main-4/WARN]: Ignoring unknown attribute 'forge:entity_gravity'
[21:07:17] [Server thread/WARN]: Pendr_a_gon moved too quickly! 14.096979964568277,-2.363425943837356,10.630321604007122
[21:07:23] [Server thread/INFO]: <RoVlum> ada yg lgi explor? farming?
[21:07:24] [Worker-Main-14/WARN]: Ignoring unknown attribute 'forge:entity_gravity'
[21:07:24] [Worker-Main-2/WARN]: Ignoring unknown attribute 'forge:entity_gravity'
[21:07:24] [Worker-Main-2/WARN]: Ignoring unknown attribute 'forge:entity_gravity'
[21:07:24] [Worker-Main-2/WARN]: Ignoring unknown attribute 'forge:entity_gravity'
[21:07:24] [Worker-Main-2/WARN]: Ignoring unknown attribute 'forge:entity_gravity'
[21:07:24] [Worker-Main-14/WARN]: Ignoring unknown attribute 'forge:entity_gravity'
[21:07:24] [Worker-Main-10/WARN]: Ignoring unknown attribute 'forge:entity_gravity'
[21:07:24] [Worker-Main-10/WARN]: Ignoring unknown attribute 'forge:entity_gravity'
[21:07:24] [Worker-Main-10/WARN]: Ignoring unknown attribute 'forge:entity_gravity'
[21:07:24] [Worker-Main-10/WARN]: Ignoring unknown attribute 'forge:entity_gravity'
[21:07:24] [Worker-Main-10/WARN]: Ignoring unknown attribute 'forge:entity_gravity'
[21:07:27] [Server thread/INFO]: <Pendr_a_gon> me
[21:07:29] [Worker-Main-7/WARN]: Ignoring unknown attribute 'forge:entity_gravity'
[21:07:29] [Worker-Main-7/WARN]: Ignoring unknown attribute 'forge:entity_gravity'
[21:07:29] [Worker-Main-7/WARN]: Ignoring unknown attribute 'forge:entity_gravity'
[21:07:29] [Worker-Main-7/WARN]: Ignoring unknown attribute 'forge:entity_gravity'
[21:07:29] [Worker-Main-7/WARN]: Ignoring unknown attribute 'forge:entity_gravity'
[21:07:29] [Worker-Main-7/WARN]: Ignoring unknown attribute 'forge:entity_gravity'
[21:07:31] [Server thread/INFO]: <RoVlum> yep
[21:07:31] [Server thread/INFO]: <Kompaktive> creeper?
[21:07:36] [Server thread/INFO]: <RoVlum> apalagi dia pke elytra
[21:07:38] [Server thread/INFO]: <Pendr_a_gon> keliling outer end
[21:07:43] [Server thread/INFO]: <RoVlum> chunk load nya banyak
[21:07:48] [Server thread/INFO]: <Pendr_a_gon> hehe
[21:07:49] [Server thread/INFO]: <Kompaktive> owh
[21:07:59] [Worker-Main-20/WARN]: Ignoring unknown attribute 'forge:entity_gravity'
[21:08:00] [Worker-Main-9/WARN]: Ignoring unknown attribute 'forge:entity_gravity'
[21:08:00] [Worker-Main-9/WARN]: Ignoring unknown attribute 'forge:entity_gravity'
[21:08:00] [Worker-Main-9/WARN]: Ignoring unknown attribute 'forge:entity_gravity'
[21:08:00] [Worker-Main-9/WARN]: Ignoring unknown attribute 'forge:entity_gravity'
[21:08:00] [Worker-Main-7/WARN]: Ignoring unknown attribute 'forge:entity_gravity'
[21:08:00] [Worker-Main-21/WARN]: Ignoring unknown attribute 'forge:entity_gravity'
[21:08:00] [Worker-Main-21/WARN]: Ignoring unknown attribute 'forge:entity_gravity'
[21:08:00] [Worker-Main-21/WARN]: Ignoring unknown attribute 'forge:entity_gravity'
[21:08:00] [Worker-Main-1/WARN]: Ignoring unknown attribute 'forge:entity_gravity'
[21:08:00] [Worker-Main-13/WARN]: Ignoring unknown attribute 'forge:entity_gravity'
[21:08:01] [Server thread/INFO]: <Kompaktive> titip elytra bole gk
[21:08:03] [Server thread/WARN]: Pendr_a_gon moved too quickly! 1.5464816838846218,-2.1738370588670506,17.409651895125307
[21:08:05] [Worker-Main-4/WARN]: Ignoring unknown attribute 'forge:entity_gravity'
[21:08:05] [Worker-Main-4/WARN]: Ignoring unknown attribute 'forge:entity_gravity'
[21:08:05] [Worker-Main-4/WARN]: Ignoring unknown attribute 'forge:entity_gravity'
[21:08:05] [Worker-Main-4/WARN]: Ignoring unknown attribute 'forge:entity_gravity'
[21:08:05] [Worker-Main-20/WARN]: Ignoring unknown attribute 'forge:entity_gravity'
[21:08:06] [Worker-Main-21/WARN]: Ignoring unknown attribute 'forge:entity_gravity'
[21:08:08] [Server thread/INFO]: <Xygnus> xygnus hadir
[21:08:10] [Worker-Main-11/WARN]: Ignoring unknown attribute 'forge:entity_gravity'
[21:08:12] [Worker-Main-10/WARN]: Ignoring unknown attribute 'forge:entity_gravity'
[21:08:12] [Worker-Main-10/WARN]: Ignoring unknown attribute 'forge:entity_gravity'
[21:08:12] [Worker-Main-10/WARN]: Ignoring unknown attribute 'forge:entity_gravity'
[21:08:13] [Worker-Main-21/WARN]: Ignoring unknown attribute 'forge:entity_gravity'
[21:08:14] [Worker-Main-4/WARN]: Ignoring unknown attribute 'forge:entity_gravity'
[21:08:14] [Worker-Main-14/WARN]: Ignoring unknown attribute 'forge:entity_gravity'
[21:08:14] [Worker-Main-14/WARN]: Ignoring unknown attribute 'forge:entity_gravity'
[21:08:14] [Worker-Main-2/WARN]: Ignoring unknown attribute 'forge:entity_gravity'
[21:08:14] [Worker-Main-9/WARN]: Ignoring unknown attribute 'forge:entity_gravity'
[21:08:14] [Worker-Main-9/WARN]: Ignoring unknown attribute 'forge:entity_gravity'
[21:08:14] [Worker-Main-9/WARN]: Ignoring unknown attribute 'forge:entity_gravity'
[21:08:14] [Worker-Main-9/WARN]: Ignoring unknown attribute 'forge:entity_gravity'
[21:08:14] [Worker-Main-9/WARN]: Ignoring unknown attribute 'forge:entity_gravity'
[21:08:16] [Worker-Main-11/WARN]: Ignoring unknown attribute 'forge:entity_gravity'
[21:08:16] [Server thread/INFO]: <Pendr_a_gon> everything has a pricetag
[21:08:20] [Worker-Main-9/WARN]: Ignoring unknown attribute 'forge:entity_gravity'
[21:08:23] [Worker-Main-6/WARN]: Ignoring unknown attribute 'forge:entity_gravity'
[21:08:23] [Worker-Main-6/WARN]: Ignoring unknown attribute 'forge:entity_gravity'
[21:08:23] [Worker-Main-6/WARN]: Ignoring unknown attribute 'forge:entity_gravity'
[21:08:23] [Worker-Main-6/WARN]: Ignoring unknown attribute 'forge:entity_gravity'
[21:08:23] [Worker-Main-6/WARN]: Ignoring unknown attribute 'forge:entity_gravity'
[21:08:23] [Worker-Main-6/WARN]: Ignoring unknown attribute 'forge:entity_gravity'
[21:08:24] [Worker-Main-13/WARN]: Ignoring unknown attribute 'forge:entity_gravity'
[21:08:24] [Worker-Main-13/WARN]: Ignoring unknown attribute 'forge:entity_gravity'
[21:08:24] [Worker-Main-13/WARN]: Ignoring unknown attribute 'forge:entity_gravity'
[21:08:24] [Worker-Main-13/WARN]: Ignoring unknown attribute 'forge:entity_gravity'
[21:08:25] [Worker-Main-22/WARN]: Ignoring unknown attribute 'forge:entity_gravity'
[21:08:28] [Server thread/WARN]: Pendr_a_gon moved too quickly! 11.145598896335287,-1.8702846124329824,14.125382346048866
[21:08:34] [Worker-Main-1/WARN]: Ignoring unknown attribute 'forge:entity_gravity'
[21:08:34] [Worker-Main-1/WARN]: Ignoring unknown attribute 'forge:entity_gravity'
[21:08:34] [Worker-Main-1/WARN]: Ignoring unknown attribute 'forge:entity_gravity'
[21:08:34] [Worker-Main-1/WARN]: Ignoring unknown attribute 'forge:entity_gravity'
[21:08:34] [Worker-Main-1/WARN]: Ignoring unknown attribute 'forge:entity_gravity'
[21:08:34] [Worker-Main-1/WARN]: Ignoring unknown attribute 'forge:entity_gravity'
[21:08:34] [Worker-Main-7/WARN]: Ignoring unknown attribute 'forge:entity_gravity'
[21:08:36] [Worker-Main-20/WARN]: Ignoring unknown attribute 'forge:entity_gravity'
[21:08:36] [Worker-Main-20/WARN]: Ignoring unknown attribute 'forge:entity_gravity'
[21:08:36] [Worker-Main-20/WARN]: Ignoring unknown attribute 'forge:entity_gravity'
[21:08:36] [Worker-Main-20/WARN]: Ignoring unknown attribute 'forge:entity_gravity'
[21:08:37] [Worker-Main-2/WARN]: Ignoring unknown attribute 'forge:entity_gravity'
[21:08:47] [Server thread/INFO]: <Kompaktive> I'll trade 1 large chest of ender pearls for 1 elytra
[21:08:50] [Server thread/INFO]: <Kompaktive> waow what a stealll
[21:09:00] [Server thread/INFO]: <Pendr_a_gon> damn nice deal
[21:09:04] [Server thread/INFO]: [Kompaktive: Killed 137 entities]
[21:09:07] [Server thread/WARN]: Pendr_a_gon moved too quickly! -6.374993528516143,1.8653891687917366,16.230862259618185
[21:09:14] [Server thread/WARN]: Pendr_a_gon moved too quickly! -16.046346203581834,-1.4812895225591092,7.412942738955508
[21:09:18] [Worker-Main-4/WARN]: Ignoring unknown attribute 'forge:entity_gravity'
[21:09:18] [Worker-Main-22/WARN]: Ignoring unknown attribute 'forge:entity_gravity'
[21:09:18] [Worker-Main-22/WARN]: Ignoring unknown attribute 'forge:entity_gravity'
[21:09:18] [Worker-Main-4/WARN]: Ignoring unknown attribute 'forge:entity_gravity'
[21:09:20] [Worker-Main-6/WARN]: Ignoring unknown attribute 'forge:entity_gravity'
[21:09:25] [Worker-Main-22/WARN]: Ignoring unknown attribute 'forge:entity_gravity'
[21:09:27] [Server thread/WARN]: Pendr_a_gon moved too quickly! 0.005098223850495742,-1.715412778928183,18.15419824970803
[21:09:27] [Worker-Main-7/WARN]: Ignoring unknown attribute 'forge:entity_gravity'
[21:09:27] [Worker-Main-7/WARN]: Ignoring unknown attribute 'forge:entity_gravity'
[21:09:27] [Worker-Main-7/WARN]: Ignoring unknown attribute 'forge:entity_gravity'
[21:09:27] [Worker-Main-3/WARN]: Ignoring unknown attribute 'forge:entity_gravity'
[21:09:27] [Worker-Main-4/WARN]: Ignoring unknown attribute 'forge:entity_gravity'
[21:09:27] [Worker-Main-11/WARN]: Ignoring unknown attribute 'forge:entity_gravity'
[21:09:27] [Worker-Main-11/WARN]: Ignoring unknown attribute 'forge:entity_gravity'
[21:09:27] [Worker-Main-4/WARN]: Ignoring unknown attribute 'forge:entity_gravity'
[21:09:28] [Worker-Main-20/WARN]: Ignoring unknown attribute 'forge:entity_gravity'
[21:09:33] [Server thread/WARN]: Pendr_a_gon moved too quickly! 9.217294321479585,-0.8687961627041858,14.755231513417527
[21:09:34] [Worker-Main-10/WARN]: Ignoring unknown attribute 'forge:entity_gravity'
[21:09:34] [Worker-Main-14/WARN]: Ignoring unknown attribute 'forge:entity_gravity'
[21:09:34] [Worker-Main-14/WARN]: Ignoring unknown attribute 'forge:entity_gravity'
[21:09:34] [Worker-Main-14/WARN]: Ignoring unknown attribute 'forge:entity_gravity'
[21:09:34] [Worker-Main-14/WARN]: Ignoring unknown attribute 'forge:entity_gravity'
[21:09:34] [Worker-Main-14/WARN]: Ignoring unknown attribute 'forge:entity_gravity'
[21:09:36] [Server thread/WARN]: Pendr_a_gon moved too quickly! 4.59891050290139,-0.02766931593886568,17.4565252754158
[21:09:39] [Worker-Main-11/WARN]: Ignoring unknown attribute 'forge:entity_gravity'
[21:09:39] [Worker-Main-11/WARN]: Ignoring unknown attribute 'forge:entity_gravity'
[21:09:39] [Worker-Main-11/WARN]: Ignoring unknown attribute 'forge:entity_gravity'
[21:09:39] [Worker-Main-11/WARN]: Ignoring unknown attribute 'forge:entity_gravity'
[21:09:39] [Worker-Main-11/WARN]: Ignoring unknown attribute 'forge:entity_gravity'
[21:09:39] [Worker-Main-11/WARN]: Ignoring unknown attribute 'forge:entity_gravity'
[21:09:44] [Worker-Main-4/WARN]: Ignoring unknown attribute 'forge:entity_gravity'
[21:09:44] [Worker-Main-22/WARN]: Ignoring unknown attribute 'forge:entity_gravity'
[21:09:44] [Worker-Main-22/WARN]: Ignoring unknown attribute 'forge:entity_gravity'
[21:09:44] [Worker-Main-22/WARN]: Ignoring unknown attribute 'forge:entity_gravity'
[21:09:44] [Worker-Main-13/WARN]: Ignoring unknown attribute 'forge:entity_gravity'
[21:09:44] [Worker-Main-1/WARN]: Ignoring unknown attribute 'forge:entity_gravity'
[21:09:44] [Worker-Main-1/WARN]: Ignoring unknown attribute 'forge:entity_gravity'
[21:09:44] [Worker-Main-1/WARN]: Ignoring unknown attribute 'forge:entity_gravity'
[21:09:44] [Worker-Main-1/WARN]: Ignoring unknown attribute 'forge:entity_gravity'
[21:09:44] [Worker-Main-1/WARN]: Ignoring unknown attribute 'forge:entity_gravity'
[21:09:44] [Worker-Main-21/WARN]: Ignoring unknown attribute 'forge:entity_gravity'
[21:09:44] [Worker-Main-21/WARN]: Ignoring unknown attribute 'forge:entity_gravity'
[21:09:44] [Worker-Main-21/WARN]: Ignoring unknown attribute 'forge:entity_gravity'
[21:09:44] [Worker-Main-21/WARN]: Ignoring unknown attribute 'forge:entity_gravity'
[21:09:44] [Worker-Main-21/WARN]: Ignoring unknown attribute 'forge:entity_gravity'
[21:09:44] [Worker-Main-2/WARN]: Ignoring unknown attribute 'forge:entity_gravity'
[21:09:44] [Worker-Main-9/WARN]: Ignoring unknown attribute 'forge:entity_gravity'
[21:10:18] [Worker-Main-9/WARN]: Ignoring unknown attribute 'forge:entity_gravity'
[21:10:24] [Worker-Main-20/WARN]: Ignoring unknown attribute 'forge:entity_gravity'
[21:10:24] [Worker-Main-20/WARN]: Ignoring unknown attribute 'forge:entity_gravity'
[21:10:24] [Worker-Main-20/WARN]: Ignoring unknown attribute 'forge:entity_gravity'
[21:10:24] [Worker-Main-20/WARN]: Ignoring unknown attribute 'forge:entity_gravity'
[21:10:24] [Worker-Main-20/WARN]: Ignoring unknown attribute 'forge:entity_gravity'
[21:10:26] [Worker-Main-21/WARN]: Ignoring unknown attribute 'forge:entity_gravity'
[21:10:26] [Worker-Main-21/WARN]: Ignoring unknown attribute 'forge:entity_gravity'
[21:10:26] [Worker-Main-21/WARN]: Ignoring unknown attribute 'forge:entity_gravity'
[21:10:26] [Worker-Main-21/WARN]: Ignoring unknown attribute 'forge:entity_gravity'
[21:10:26] [Worker-Main-20/WARN]: Ignoring unknown attribute 'forge:entity_gravity'
[21:10:27] [Worker-Main-1/WARN]: Ignoring unknown attribute 'forge:entity_gravity'
[21:10:28] [Server thread/WARN]: Pendr_a_gon moved too quickly! -6.9260354695917385,-2.784700578206568,15.876884835594865
[21:10:29] [Worker-Main-13/WARN]: Ignoring unknown attribute 'forge:entity_gravity'
[21:10:29] [Worker-Main-7/WARN]: Ignoring unknown attribute 'forge:entity_gravity'
[21:10:29] [Worker-Main-7/WARN]: Ignoring unknown attribute 'forge:entity_gravity'
[21:10:29] [Worker-Main-7/WARN]: Ignoring unknown attribute 'forge:entity_gravity'
[21:10:29] [Worker-Main-9/WARN]: Ignoring unknown attribute 'forge:entity_gravity'
[21:10:30] [Worker-Main-22/WARN]: Ignoring unknown attribute 'forge:entity_gravity'
[21:10:30] [Worker-Main-22/WARN]: Ignoring unknown attribute 'forge:entity_gravity'
[21:10:30] [Worker-Main-22/WARN]: Ignoring unknown attribute 'forge:entity_gravity'
[21:10:30] [Worker-Main-22/WARN]: Ignoring unknown attribute 'forge:entity_gravity'
[21:10:30] [Worker-Main-22/WARN]: Ignoring unknown attribute 'forge:entity_gravity'
[21:10:33] [Worker-Main-22/WARN]: Ignoring unknown attribute 'forge:entity_gravity'
[21:10:35] [Worker-Main-9/WARN]: Ignoring unknown attribute 'forge:entity_gravity'
[21:10:35] [Worker-Main-9/WARN]: Ignoring unknown attribute 'forge:entity_gravity'
[21:10:35] [Worker-Main-9/WARN]: Ignoring unknown attribute 'forge:entity_gravity'
[21:10:35] [Worker-Main-9/WARN]: Ignoring unknown attribute 'forge:entity_gravity'
[21:10:35] [Worker-Main-20/WARN]: Ignoring unknown attribute 'forge:entity_gravity'
[21:14:00] [Server thread/INFO]: <Pendr_a_gon> mba
[21:14:05] [Server thread/INFO]: <Xygnus> hu um
[21:18:58] [Server thread/INFO]: <RoVlum> hey, mixue tidak bisa menunggu lama
[21:19:07] [Server thread/INFO]: <Kompaktive> bentar, lagi manuver villager
[21:19:16] [Server thread/INFO]: <RoVlum> manuver lo bahasanya
[21:19:40] [Server thread/INFO]: Xygnus was shot by Kompaktive using [Spitfire]
[21:19:40] [Server thread/INFO]: Grave spawned at: -284, 72, -214 | minecraft:overworld
[21:19:56] [Server thread/INFO]: Saving grave backup data
[21:20:37] [Server thread/INFO]: Grave at -284, 72, -214 was replaced with Block{minecraft:air}
[21:20:37] [Server thread/INFO]: Xygnus is retrieving their grave at -284, 72, -214
[21:20:37] [Server thread/INFO]: Xygnus retrieved the items from the grave
[21:23:23] [Server thread/INFO]: <RoVlum> mangan dolo
[21:23:24] [Server thread/INFO]: RoVlum lost connection: Disconnected
[21:23:24] [Server thread/INFO]: RoVlum left the game
[21:23:24] [Server thread/INFO]: Disconnecting client RoVlum
[21:23:30] [Server thread/INFO]: Xygnus was shot by Kompaktive using [Spitfire]
[21:23:30] [Server thread/INFO]: Grave spawned at: -299, 84, -220 | minecraft:overworld
[21:23:44] [Server thread/INFO]: <Kompaktive> yg itu gak sengaja
[21:24:56] [Server thread/INFO]: Saving grave backup data
[21:26:28] [Server thread/INFO]: Xygnus was slain by Pendr_a_gon using [Arthur Morgan]
[21:26:28] [Server thread/INFO]: Didn't generate grave as grave wouldn't contain anything
[21:27:23] [Server thread/INFO]: Grave at -299, 84, -220 was replaced with Block{minecraft:air}
[21:27:23] [Server thread/INFO]: Xygnus is retrieving their grave at -299, 84, -220
[21:27:23] [Server thread/INFO]: Xygnus retrieved the items from the grave
[21:28:02] [Server thread/INFO]: Xygnus was shot by Kompaktive using [Spitfire]
[21:28:02] [Server thread/INFO]: Grave spawned at: -274, 67, -213 | minecraft:overworld
[21:28:26] [Server thread/INFO]: Grave at -274, 67, -213 was replaced with Block{minecraft:air}
[21:28:26] [Server thread/INFO]: Xygnus is retrieving their grave at -274, 67, -213
[21:28:26] [Server thread/INFO]: Xygnus retrieved the items from the grave
[21:29:31] [Server thread/WARN]: Kompaktive moved too quickly! 1101.015210933807,-16.0,1337.6548550383256
[21:29:56] [Server thread/INFO]: Saving grave backup data
[21:31:20] [Server thread/INFO]: [STDERR]: java.io.FileNotFoundException: .\immersive_paintings_cache\69c63fca-777e-44c4-bc64-c191302d5c83_eighth.png (The system cannot find the path specified)
[21:31:20] [Server thread/INFO]: [STDERR]: 	at java.base/java.io.FileOutputStream.open0(Native Method)
[21:31:20] [Server thread/INFO]: [STDERR]: 	at java.base/java.io.FileOutputStream.open(FileOutputStream.java:293)
[21:31:20] [Server thread/INFO]: [STDERR]: 	at java.base/java.io.FileOutputStream.<init>(FileOutputStream.java:235)
[21:31:20] [Server thread/INFO]: [STDERR]: 	at java.base/java.io.FileOutputStream.<init>(FileOutputStream.java:184)
[21:31:20] [Server thread/INFO]: [STDERR]: 	at immersive_paintings.resources.Cache.set(Cache.java:51)
[21:31:20] [Server thread/INFO]: [STDERR]: 	at immersive_paintings.resources.ServerPaintingManager.getImageData(ServerPaintingManager.java:144)
[21:31:20] [Server thread/INFO]: [STDERR]: 	at immersive_paintings.network.c2s.ImageRequest.receive(ImageRequest.java:31)
[21:31:20] [Server thread/INFO]: [STDERR]: 	at immersive_paintings.fabric.cobalt.network.NetworkHandlerImpl.lambda$registerMessage$1(NetworkHandlerImpl.java:36)
[21:31:20] [Server thread/INFO]: [STDERR]: 	at net.minecraft.class_3738.run(class_3738.java:18)
[21:31:20] [Server thread/INFO]: [STDERR]: 	at net.minecraft.class_1255.method_18859(class_1255.java:157)
[21:31:20] [Server thread/INFO]: [STDERR]: 	at net.minecraft.class_4093.method_18859(class_4093.java:23)
[21:31:20] [Server thread/INFO]: [STDERR]: 	at net.minecraft.server.MinecraftServer.method_24306(MinecraftServer.java:776)
[21:31:20] [Server thread/INFO]: [STDERR]: 	at net.minecraft.server.MinecraftServer.method_18859(MinecraftServer.java:159)
[21:31:20] [Server thread/INFO]: [STDERR]: 	at net.minecraft.class_1255.method_16075(class_1255.java:131)
[21:31:20] [Server thread/INFO]: [STDERR]: 	at net.minecraft.server.MinecraftServer.method_20415(MinecraftServer.java:758)
[21:31:20] [Server thread/INFO]: [STDERR]: 	at net.minecraft.server.MinecraftServer.method_16075(MinecraftServer.java:752)
[21:31:20] [Server thread/INFO]: [STDERR]: 	at net.minecraft.class_1255.method_18857(class_1255.java:140)
[21:31:20] [Server thread/INFO]: [STDERR]: 	at net.minecraft.server.MinecraftServer.method_16208(MinecraftServer.java:737)
[21:31:20] [Server thread/INFO]: [STDERR]: 	at net.minecraft.server.MinecraftServer.method_29741(MinecraftServer.java:669)
[21:31:20] [Server thread/INFO]: [STDERR]: 	at net.minecraft.server.MinecraftServer.method_29739(MinecraftServer.java:257)
[21:31:20] [Server thread/INFO]: [STDERR]: 	at java.base/java.lang.Thread.run(Thread.java:833)
[21:35:51] [Server thread/INFO]: RoVlum[/127.234.88.46:54169] logged in with entity id 45556 at (-270.1350512382051, 63.0, -264.0703622347394)
[21:35:51] [Server thread/INFO]: Sending server config values to client
[21:35:51] [Server thread/INFO]: RoVlum joined the game
[21:35:51] [Netty Server IO #16/INFO]: Receiving client config
[21:35:51] [Server thread/INFO]: Received secret request of RoVlum (15)
[21:35:51] [Server thread/INFO]: Sent secret to RoVlum
[21:35:51] [Netty Server IO #16/INFO]: Priority overwritten for player RoVlum. Normal: GRAVE / Robbing: INVENTORY
[21:36:12] [VoiceChatPacketProcessingThread/INFO]: Successfully authenticated player d61e7373-293f-3574-b8d2-d6999e89beef
[21:41:19] [Server thread/INFO]: Xygnus was slain by Pendr_a_gon using [Caliburn]
[21:41:19] [Server thread/INFO]: Grave spawned at: -274, 58, -280 | minecraft:overworld
[21:41:19] [Server thread/INFO]: Grave at -274, 58, -280 was replaced with Block{yigd:grave}
[21:41:55] [Server thread/INFO]: Grave at -274, 58, -280 was replaced with Block{minecraft:water}
[21:41:55] [Server thread/INFO]: Xygnus is retrieving their grave at -274, 58, -280
[21:41:55] [Server thread/INFO]: Xygnus retrieved the items from the grave
[21:44:56] [Server thread/INFO]: Saving grave backup data
[21:45:34] [Server thread/INFO]: [Kompaktive: Played sound minecraft:entity.creeper.primed to Xygnus]
[21:48:10] [Server thread/INFO]: [Kompaktive: Played sound minecraft:entity.creeper.primed to Pendr_a_gon]
[21:48:23] [Server thread/INFO]: [Kompaktive: Played sound minecraft:entity.creeper.primed to Pendr_a_gon]
[21:48:31] [Server thread/INFO]: Pendr_a_gon lost connection: Disconnected
[21:48:31] [Server thread/INFO]: Pendr_a_gon left the game
[21:48:31] [Server thread/INFO]: Disconnecting client Pendr_a_gon
[21:48:41] [Server thread/INFO]: Pendr_a_gon[/127.185.40.43:54481] logged in with entity id 49760 at (-289.30000001192093, 86.67594263256112, -232.28228733096043)
[21:48:41] [Server thread/INFO]: Sending server config values to client
[21:48:41] [Server thread/INFO]: Pendr_a_gon joined the game
[21:48:41] [Netty Server IO #18/INFO]: Receiving client config
[21:48:41] [Server thread/INFO]: Received secret request of Pendr_a_gon (15)
[21:48:41] [Netty Server IO #18/INFO]: Priority overwritten for player Pendr_a_gon. Normal: GRAVE / Robbing: INVENTORY
[21:48:41] [Server thread/INFO]: Sent secret to Pendr_a_gon
[21:48:54] [VoiceChatPacketProcessingThread/INFO]: Successfully authenticated player 23c0aa95-0f73-3803-83af-6284fbb6f689
[21:49:25] [Server thread/INFO]: [Kompaktive: Played sound minecraft:entity.creeper.primed to RoVlum]
[21:50:41] [Server thread/INFO]: [Kompaktive: Played sound minecraft:entity.generic.explode to Kompaktive]
[21:51:00] [Server thread/INFO]: [Kompaktive: Played sound minecraft:entity.creeper.primed to Pendr_a_gon]
[21:51:08] [Server thread/INFO]: [Kompaktive: Played sound minecraft:entity.generic.explode to Pendr_a_gon]
[21:53:32] [Server thread/INFO]: [Kompaktive: Played sound minecraft:entity.generic.explode to RoVlum]
[21:53:41] [Server thread/INFO]: Pendr_a_gon lost connection: Disconnected
[21:53:41] [Server thread/INFO]: Pendr_a_gon left the game
[21:53:41] [Server thread/INFO]: Disconnecting client Pendr_a_gon
[21:53:47] [Server thread/INFO]: [Kompaktive: Played sound minecraft:entity.generic.explode to RoVlum]
[21:54:00] [Server thread/INFO]: [Kompaktive: Played sound minecraft:entity.generic.explode to RoVlum]
[21:54:16] [Server thread/INFO]: [Kompaktive: Played sound minecraft:entity.generic.explode to RoVlum]
[21:54:50] [Server thread/INFO]: [Kompaktive: Played sound minecraft:entity.generic.explode to Xygnus]
[21:55:01] [Server thread/INFO]: [Kompaktive: Played sound minecraft:entity.creeper.primed to Xygnus]
[21:55:02] [Server thread/INFO]: [Kompaktive: Played sound minecraft:entity.generic.explode to Xygnus]
[21:57:52] [Server thread/INFO]: [Kompaktive: Killed 82 entities]
[21:58:08] [Server thread/INFO]: Pendr_a_gon[/127.185.40.43:54739] logged in with entity id 53307 at (-304.4148114624139, 92.0, -244.14459576016577)
[21:58:08] [Server thread/INFO]: Sending server config values to client
[21:58:08] [Server thread/INFO]: Pendr_a_gon joined the game
[21:58:12] [Netty Server IO #21/INFO]: Receiving client config
[21:58:14] [Netty Server IO #21/INFO]: Priority overwritten for player Pendr_a_gon. Normal: GRAVE / Robbing: INVENTORY
[21:58:14] [Server thread/INFO]: Received secret request of Pendr_a_gon (15)
[21:58:14] [Server thread/INFO]: Sent secret to Pendr_a_gon
[21:58:25] [VoiceChatPacketProcessingThread/INFO]: Successfully authenticated player 23c0aa95-0f73-3803-83af-6284fbb6f689
[22:00:14] [Server thread/INFO]: Xygnus was slain by Kompaktive
[22:00:14] [Server thread/INFO]: Grave spawned at: -307, 92, -230 | minecraft:overworld
[22:00:28] [Server thread/INFO]: Grave at -307, 92, -230 was replaced with Block{minecraft:air}
[22:00:28] [Server thread/INFO]: Xygnus is retrieving their grave at -307, 92, -230
[22:00:28] [Server thread/INFO]: Xygnus retrieved the items from the grave
[22:02:04] [Server thread/INFO]: [Kompaktive: Played sound minecraft:entity.creeper.primed to Xygnus]
[22:02:08] [Server thread/INFO]: [Kompaktive: Played sound minecraft:entity.generic.explode to Xygnus]
[22:02:15] [Server thread/INFO]: [Kompaktive: Played sound minecraft:entity.generic.explode to Xygnus]
[22:02:16] [Server thread/INFO]: [Kompaktive: Played sound minecraft:entity.generic.explode to Xygnus]
[22:02:16] [Server thread/INFO]: [Kompaktive: Played sound minecraft:entity.generic.explode to Xygnus]
[22:02:17] [Server thread/INFO]: [Kompaktive: Played sound minecraft:entity.generic.explode to Xygnus]
[22:02:17] [Server thread/INFO]: [Kompaktive: Played sound minecraft:entity.generic.explode to Xygnus]
[22:02:17] [Server thread/INFO]: [Kompaktive: Played sound minecraft:entity.generic.explode to Xygnus]
[22:02:18] [Server thread/INFO]: [Kompaktive: Played sound minecraft:entity.generic.explode to Xygnus]
[22:02:18] [Server thread/INFO]: [Kompaktive: Played sound minecraft:entity.generic.explode to Xygnus]
[22:02:18] [Server thread/INFO]: [Kompaktive: Played sound minecraft:entity.generic.explode to Xygnus]
[22:02:19] [Server thread/INFO]: [Kompaktive: Played sound minecraft:entity.generic.explode to Xygnus]
[22:02:19] [Server thread/INFO]: [Kompaktive: Played sound minecraft:entity.generic.explode to Xygnus]
[22:02:19] [Server thread/INFO]: [Kompaktive: Played sound minecraft:entity.generic.explode to Xygnus]
[22:02:20] [Server thread/INFO]: [Kompaktive: Played sound minecraft:entity.generic.explode to Xygnus]
[22:02:20] [Server thread/INFO]: [Kompaktive: Played sound minecraft:entity.generic.explode to Xygnus]
[22:02:20] [Server thread/INFO]: [Kompaktive: Played sound minecraft:entity.generic.explode to Xygnus]
[22:02:21] [Server thread/INFO]: [Kompaktive: Played sound minecraft:entity.generic.explode to Xygnus]
[22:02:21] [Server thread/INFO]: [Kompaktive: Played sound minecraft:entity.generic.explode to Xygnus]
[22:02:21] [Server thread/INFO]: [Kompaktive: Played sound minecraft:entity.generic.explode to Xygnus]
[22:02:21] [Server thread/INFO]: [Kompaktive: Played sound minecraft:entity.generic.explode to Xygnus]
[22:02:22] [Server thread/INFO]: [Kompaktive: Played sound minecraft:entity.generic.explode to Xygnus]
[22:02:22] [Server thread/INFO]: [Kompaktive: Played sound minecraft:entity.generic.explode to Xygnus]
[22:02:22] [Server thread/INFO]: [Kompaktive: Played sound minecraft:entity.generic.explode to Xygnus]
[22:02:22] [Server thread/INFO]: [Kompaktive: Played sound minecraft:entity.generic.explode to Xygnus]
[22:02:23] [Server thread/INFO]: [Kompaktive: Played sound minecraft:entity.generic.explode to Xygnus]
[22:02:23] [Server thread/INFO]: [Kompaktive: Played sound minecraft:entity.generic.explode to Xygnus]
[22:02:26] [Server thread/INFO]: [Kompaktive: Played sound minecraft:entity.generic.explode to Xygnus]
[22:02:27] [Server thread/INFO]: [Kompaktive: Played sound minecraft:entity.generic.explode to Xygnus]
[22:02:27] [Server thread/INFO]: [Kompaktive: Played sound minecraft:entity.generic.explode to Xygnus]
[22:02:27] [Server thread/INFO]: [Kompaktive: Played sound minecraft:entity.generic.explode to Xygnus]
[22:02:27] [Server thread/INFO]: [Kompaktive: Played sound minecraft:entity.generic.explode to Xygnus]
[22:02:28] [Server thread/INFO]: [Kompaktive: Played sound minecraft:entity.generic.explode to Xygnus]
[22:02:28] [Server thread/INFO]: [Kompaktive: Played sound minecraft:entity.generic.explode to Xygnus]
[22:02:28] [Server thread/INFO]: [Kompaktive: Played sound minecraft:entity.generic.explode to Xygnus]
[22:02:28] [Server thread/INFO]: [Kompaktive: Played sound minecraft:entity.generic.explode to Xygnus]
[22:02:29] [Server thread/INFO]: [Kompaktive: Played sound minecraft:entity.generic.explode to Xygnus]
[22:02:29] [Server thread/INFO]: [Kompaktive: Played sound minecraft:entity.generic.explode to Xygnus]
[22:02:29] [Server thread/INFO]: [Kompaktive: Played sound minecraft:entity.generic.explode to Xygnus]
[22:02:29] [Server thread/INFO]: [Kompaktive: Played sound minecraft:entity.generic.explode to Xygnus]
[22:02:30] [Server thread/INFO]: [Kompaktive: Played sound minecraft:entity.generic.explode to Xygnus]
[22:02:30] [Server thread/INFO]: [Kompaktive: Played sound minecraft:entity.generic.explode to Xygnus]
[22:02:30] [Server thread/INFO]: [Kompaktive: Played sound minecraft:entity.generic.explode to Xygnus]
[22:02:31] [Server thread/INFO]: [Kompaktive: Played sound minecraft:entity.generic.explode to Xygnus]
[22:02:31] [Server thread/INFO]: [Kompaktive: Played sound minecraft:entity.generic.explode to Xygnus]
[22:02:31] [Server thread/INFO]: [Kompaktive: Played sound minecraft:entity.generic.explode to Xygnus]
[22:02:32] [Server thread/INFO]: [Kompaktive: Played sound minecraft:entity.generic.explode to Xygnus]
[22:02:32] [Server thread/INFO]: [Kompaktive: Played sound minecraft:entity.generic.explode to Xygnus]
[22:02:33] [Server thread/INFO]: [Kompaktive: Played sound minecraft:entity.generic.explode to Xygnus]
[22:02:33] [Server thread/INFO]: [Kompaktive: Played sound minecraft:entity.generic.explode to Xygnus]
[22:02:33] [Server thread/INFO]: [Kompaktive: Played sound minecraft:entity.generic.explode to Xygnus]
[22:02:34] [Server thread/INFO]: [Kompaktive: Played sound minecraft:entity.generic.explode to Xygnus]
[22:02:34] [Server thread/INFO]: [Kompaktive: Played sound minecraft:entity.generic.explode to Xygnus]
[22:02:34] [Server thread/INFO]: [Kompaktive: Played sound minecraft:entity.generic.explode to Xygnus]
[22:02:35] [Server thread/INFO]: [Kompaktive: Played sound minecraft:entity.generic.explode to Xygnus]
[22:02:35] [Server thread/INFO]: [Kompaktive: Played sound minecraft:entity.generic.explode to Xygnus]
[22:02:35] [Server thread/INFO]: [Kompaktive: Played sound minecraft:entity.generic.explode to Xygnus]
[22:02:36] [Server thread/INFO]: [Kompaktive: Played sound minecraft:entity.generic.explode to Xygnus]
[22:02:36] [Server thread/INFO]: [Kompaktive: Played sound minecraft:entity.generic.explode to Xygnus]
[22:02:37] [Server thread/INFO]: [Kompaktive: Played sound minecraft:entity.generic.explode to Xygnus]
[22:02:37] [Server thread/INFO]: [Kompaktive: Played sound minecraft:entity.generic.explode to Xygnus]
[22:02:37] [Server thread/INFO]: [Kompaktive: Played sound minecraft:entity.generic.explode to Xygnus]
[22:02:38] [Server thread/INFO]: [Kompaktive: Played sound minecraft:entity.generic.explode to Xygnus]
[22:02:38] [Server thread/INFO]: [Kompaktive: Played sound minecraft:entity.generic.explode to Xygnus]
[22:02:38] [Server thread/INFO]: [Kompaktive: Played sound minecraft:entity.generic.explode to Xygnus]
[22:02:39] [Server thread/INFO]: [Kompaktive: Played sound minecraft:entity.generic.explode to Xygnus]
[22:02:39] [Server thread/INFO]: [Kompaktive: Played sound minecraft:entity.generic.explode to Xygnus]
[22:02:43] [Server thread/INFO]: [Kompaktive: Played sound minecraft:entity.generic.explode to Xygnus]
[22:02:43] [Server thread/INFO]: [Kompaktive: Played sound minecraft:entity.generic.explode to Xygnus]
[22:02:44] [Server thread/INFO]: [Kompaktive: Played sound minecraft:entity.generic.explode to Xygnus]
[22:02:45] [Server thread/INFO]: [Kompaktive: Played sound minecraft:entity.generic.explode to Xygnus]
[22:02:46] [Server thread/INFO]: [Kompaktive: Played sound minecraft:entity.generic.explode to Xygnus]
[22:02:46] [Server thread/INFO]: [Kompaktive: Played sound minecraft:entity.generic.explode to Xygnus]
[22:02:47] [Server thread/INFO]: [Kompaktive: Played sound minecraft:entity.generic.explode to Xygnus]
[22:02:47] [Server thread/INFO]: [Kompaktive: Played sound minecraft:entity.generic.explode to Xygnus]
[22:02:48] [Server thread/INFO]: [Kompaktive: Played sound minecraft:entity.generic.explode to Xygnus]
[22:02:48] [Server thread/INFO]: [Kompaktive: Played sound minecraft:entity.generic.explode to Xygnus]
[22:02:49] [Server thread/INFO]: [Kompaktive: Played sound minecraft:entity.generic.explode to Xygnus]
[22:02:50] [Server thread/INFO]: [Kompaktive: Played sound minecraft:entity.generic.explode to Xygnus]
[22:02:50] [Server thread/INFO]: [Kompaktive: Played sound minecraft:entity.generic.explode to Xygnus]
[22:02:51] [Server thread/INFO]: [Kompaktive: Played sound minecraft:entity.generic.explode to Xygnus]
[22:02:51] [Server thread/INFO]: [Kompaktive: Played sound minecraft:entity.generic.explode to Xygnus]
[22:02:52] [Server thread/INFO]: [Kompaktive: Played sound minecraft:entity.generic.explode to Xygnus]
[22:02:52] [Server thread/INFO]: [Kompaktive: Played sound minecraft:entity.generic.explode to Xygnus]
[22:02:53] [Server thread/INFO]: [Kompaktive: Played sound minecraft:entity.generic.explode to Xygnus]
[22:02:53] [Server thread/INFO]: [Kompaktive: Played sound minecraft:entity.generic.explode to Xygnus]
[22:02:54] [Server thread/INFO]: [Kompaktive: Played sound minecraft:entity.generic.explode to Xygnus]
[22:02:54] [Server thread/INFO]: [Kompaktive: Played sound minecraft:entity.generic.explode to Xygnus]
[22:02:54] [Server thread/INFO]: [Kompaktive: Played sound minecraft:entity.generic.explode to Xygnus]
[22:02:55] [Server thread/INFO]: [Kompaktive: Played sound minecraft:entity.generic.explode to Xygnus]
[22:02:55] [Server thread/INFO]: [Kompaktive: Played sound minecraft:entity.generic.explode to Xygnus]
[22:02:55] [Server thread/INFO]: [Kompaktive: Played sound minecraft:entity.generic.explode to Xygnus]
[22:03:34] [Server thread/INFO]: RoVlum has made the advancement [What a Deal!]
[22:04:56] [Server thread/INFO]: Saving grave backup data
[22:07:58] [Server thread/INFO]: [Kompaktive: Set 5 experience levels on Xygnus]
[22:13:38] [Server thread/INFO]: RoVlum has made the advancement [A Seedy Place]
[22:14:17] [Server thread/INFO]: Pendr_a_gon has reached the goal [Hired Help]
[22:23:47] [Server thread/INFO]: <Kompaktive> dah ah ngantuk
[22:23:49] [Server thread/INFO]: Kompaktive lost connection: Disconnected
[22:23:49] [Server thread/INFO]: Kompaktive left the game
[22:23:49] [Server thread/INFO]: Disconnecting client Kompaktive
[22:26:16] [Server thread/WARN]: RoVlum moved too quickly! 8.677755282478302,0.0,5.286085384362536
[22:28:16] [Server thread/INFO]: <RoVlum> ras pen anvil
[22:28:19] [Server thread/INFO]: <RoVlum> minjem
[22:28:39] [Server thread/INFO]: <RoVlum> nvm dah nemu
[22:34:53] [Server thread/INFO]: <RoVlum> mo turu, buh bye
[22:34:58] [Server thread/INFO]: <Xygnus> byeee
[22:35:22] [Server thread/INFO]: RoVlum lost connection: Disconnected
[22:35:22] [Server thread/INFO]: RoVlum left the game
[22:35:22] [Server thread/INFO]: Disconnecting client RoVlum
[22:37:55] [Server thread/INFO]: <Pendr_a_gon> pada lemah dah ngantuk
[22:38:26] [Server thread/INFO]: <Xygnus> belom ngantuk kamunya?
[22:38:52] [Server thread/INFO]: <Pendr_a_gon> blom
[22:39:01] [Server thread/INFO]: <Xygnus> :O
[22:39:04] [Server thread/INFO]: <Xygnus> yaudah sama
[22:39:23] [Server thread/INFO]: <Xygnus> mana tdi pagi ama sore juga ketiduran
[22:39:25] [Server thread/INFO]: <Xygnus> :v
[22:41:28] [Server thread/INFO]: <Pendr_a_gon> aku dari pagi sampe sore tidur bangun tidur bangun di kantor
[22:42:11] [Server thread/INFO]: <Pendr_a_gon> males ngapa2in bet
[22:42:51] [Server thread/INFO]: <Xygnus> ga gambar di kaantor?
[22:43:05] [Server thread/INFO]: <Pendr_a_gon> harus bawa tab-nya dong
[22:43:09] [Server thread/INFO]: <Pendr_a_gon> segede monitor
[22:43:12] [Server thread/INFO]: <Pendr_a_gon> T-T
[22:43:19] [Server thread/INFO]: <Pendr_a_gon> gambar sih di kertas
[22:43:23] [Server thread/INFO]: <Pendr_a_gon> studi anatomi
[22:43:36] [Server thread/INFO]: <Xygnus> waw pro :o
[22:43:45] [Server thread/INFO]: <Xygnus> aku malah udah lama ga gambar di kertas
[22:44:46] [Server thread/INFO]: <Xygnus> btw mau arrow gak?
[22:44:49] [Server thread/INFO]: <Xygnus> aku ada 19
[22:44:55] [Server thread/INFO]: <Xygnus> *10
[22:45:11] [Server thread/INFO]: <Pendr_a_gon> boleh
[22:45:15] [Server thread/INFO]: <Pendr_a_gon> taro di barrel dong
[22:45:52] [Server thread/INFO]: <Xygnus> barrel yg mana?
[22:45:58] [Server thread/INFO]: <Xygnus> barrelmu banyak bgt
[22:47:07] [Server thread/INFO]: <Xygnus> udah aku taro
[22:47:58] [Server thread/INFO]: <Pendr_a_gon> ok thanks
[22:48:10] [Server thread/INFO]: <Xygnus> okey
[22:57:03] [Server thread/WARN]: Pendr_a_gon moved too quickly! 17.07695904965817,-1.6631744842809297,5.1873911973747795
[23:22:38] [Server thread/INFO]: Xygnus was killed by [Engulfing Lightning] trying to hurt Pendr_a_gon
[23:22:38] [Server thread/INFO]: Grave spawned at: -279, 76, -324 | minecraft:overworld
[23:23:10] [Server thread/INFO]: Grave at -279, 76, -324 was replaced with Block{minecraft:air}
[23:23:10] [Server thread/INFO]: Xygnus is retrieving their grave at -279, 76, -324
[23:23:10] [Server thread/INFO]: Xygnus retrieved the items from the grave
[23:24:56] [Server thread/INFO]: Saving grave backup data
[23:25:58] [Server thread/WARN]: Mismatch in destroy block pos: class_2338{x=-321, y=88, z=-192} class_2338{x=-329, y=91, z=-191}
[23:25:58] [Server thread/WARN]: Mismatch in destroy block pos: class_2338{x=-321, y=88, z=-192} class_2338{x=-329, y=91, z=-191}
[23:45:28] [Server thread/INFO]: <Xygnus> bodyguardmu jatoh 1
[23:45:51] [Server thread/INFO]: <Pendr_a_gon> astaga
[23:46:05] [Server thread/INFO]: <Xygnus> kasian jatoh :c
